This file contains any messages produced by compilers while
running configure, to aid debugging if configure makes a mistake.

It was created by libffi configure 3.3, which was
generated by GNU Autoconf 2.69.  Invocation command line was

  $ /home/saurabhtayde/Work/Python_ArditSulce/Section27_MobileAppDevelopment/.buildozer/android/platform/build-arm64-v8a/build/other_builds/libffi/arm64-v8a__ndk_target_21/libffi/configure --host=aarch64-linux-android --prefix=/home/saurabhtayde/Work/Python_ArditSulce/Section27_MobileAppDevelopment/.buildozer/android/platform/build-arm64-v8a/build/other_builds/libffi/arm64-v8a__ndk_target_21/libffi --disable-builddir --enable-shared

## --------- ##
## Platform. ##
## --------- ##

hostname = saurabhtayde-Latitude-5400
uname -m = x86_64
uname -r = 5.11.0-41-generic
uname -s = Linux
uname -v = #45~20.04.1-Ubuntu SMP Wed Nov 10 10:20:10 UTC 2021

/usr/bin/uname -p = x86_64
/bin/uname -X     = unknown

/bin/arch              = x86_64
/usr/bin/arch -k       = unknown
/usr/convex/getsysinfo = unknown
/usr/bin/hostinfo      = unknown
/bin/machine           = unknown
/usr/bin/oslevel       = unknown
/bin/universe          = unknown

PATH: /home/saurabhtayde/.buildozer/android/platform/android-ndk-r19c/toolchains/llvm/prebuilt/linux-x86_64/bin
PATH: /home/saurabhtayde/.buildozer/android/platform/android-ndk-r19c/toolchains/aarch64-linux-android-4.9/prebuilt/linux-x86/bin/
PATH: /home/saurabhtayde/.buildozer/android/platform/android-ndk-r19c/toolchains/aarch64-linux-android-4.9/prebuilt/linux-x86_64/bin/
PATH: /home/saurabhtayde/.buildozer/android/platform/android-ndk-r19c
PATH: /home/saurabhtayde/.buildozer/android/platform/android-sdk/tools
PATH: /home/saurabhtayde/.buildozer/android/platform/apache-ant-1.9.4/bin
PATH: /home/saurabhtayde/anaconda3/bin
PATH: /home/saurabhtayde/anaconda3/condabin
PATH: /usr/local/sbin
PATH: /usr/local/bin
PATH: /usr/sbin
PATH: /usr/bin
PATH: /sbin
PATH: /bin
PATH: /usr/games
PATH: /usr/local/games
PATH: /snap/bin
PATH: /home/saurabhtayde/spark-3.0.3-bin-hadoop2.7/bin
PATH: /home/saurabhtayde/anaconda3/bin
PATH: /usr/lib/jvm/java-11-openjdk-amd64/jre/bin


## ----------- ##
## Core tests. ##
## ----------- ##

configure:2700: checking build system type
configure:2714: result: x86_64-pc-linux-gnu
configure:2734: checking host system type
configure:2747: result: aarch64-unknown-linux-android
configure:2767: checking target system type
configure:2780: result: aarch64-unknown-linux-android
configure:2877: checking for gsed
configure:2908: result: sed
configure:2936: checking for a BSD-compatible install
configure:3004: result: /usr/bin/install -c
configure:3015: checking whether build environment is sane
configure:3070: result: yes
configure:3124: checking for aarch64-linux-android-strip
configure:3151: result: aarch64-linux-android-strip --strip-unneeded
configure:3216: checking for a thread-safe mkdir -p
configure:3255: result: /usr/bin/mkdir -p
configure:3262: checking for gawk
configure:3278: found /usr/bin/gawk
configure:3289: result: gawk
configure:3300: checking whether make -j8 sets $(MAKE)
configure:3322: result: yes
configure:3351: checking whether make -j8 supports nested variables
configure:3368: result: yes
configure:3513: checking for aarch64-linux-android-gcc
configure:3540: result: /usr/bin/ccache /home/saurabhtayde/.buildozer/android/platform/android-ndk-r19c/toolchains/llvm/prebuilt/linux-x86_64/bin/clang -target aarch64-linux-android21 -fomit-frame-pointer -march=armv8-a
configure:3809: checking for C compiler version
configure:3818: /usr/bin/ccache /home/saurabhtayde/.buildozer/android/platform/android-ndk-r19c/toolchains/llvm/prebuilt/linux-x86_64/bin/clang -target aarch64-linux-android21 -fomit-frame-pointer -march=armv8-a --version >&5
Android (5058415 based on r339409) clang version 8.0.2 (https://android.googlesource.com/toolchain/clang 40173bab62ec746213857d083c0e8b0abb568790) (https://android.googlesource.com/toolchain/llvm 7a6618d69e7e8111e1d49dc9e7813767c5ca756a) (based on LLVM 8.0.2svn)
Target: aarch64-unknown-linux-android21
Thread model: posix
InstalledDir: /home/saurabhtayde/.buildozer/android/platform/android-ndk-r19c/toolchains/llvm/prebuilt/linux-x86_64/bin
configure:3829: $? = 0
configure:3818: /usr/bin/ccache /home/saurabhtayde/.buildozer/android/platform/android-ndk-r19c/toolchains/llvm/prebuilt/linux-x86_64/bin/clang -target aarch64-linux-android21 -fomit-frame-pointer -march=armv8-a -v >&5
Android (5058415 based on r339409) clang version 8.0.2 (https://android.googlesource.com/toolchain/clang 40173bab62ec746213857d083c0e8b0abb568790) (https://android.googlesource.com/toolchain/llvm 7a6618d69e7e8111e1d49dc9e7813767c5ca756a) (based on LLVM 8.0.2svn)
Target: aarch64-unknown-linux-android21
Thread model: posix
InstalledDir: /home/saurabhtayde/.buildozer/android/platform/android-ndk-r19c/toolchains/llvm/prebuilt/linux-x86_64/bin
Found candidate GCC installation: /home/saurabhtayde/.buildozer/android/platform/android-ndk-r19c/toolchains/llvm/prebuilt/linux-x86_64/bin/../lib/gcc/aarch64-linux-android/4.9.x
Selected GCC installation: /home/saurabhtayde/.buildozer/android/platform/android-ndk-r19c/toolchains/llvm/prebuilt/linux-x86_64/bin/../lib/gcc/aarch64-linux-android/4.9.x
Candidate multilib: .;@m64
Selected multilib: .;@m64
clang: warning: argument unused during compilation: '-fomit-frame-pointer' [-Wunused-command-line-argument]
clang: warning: argument unused during compilation: '-march=armv8-a' [-Wunused-command-line-argument]
... rest of stderr output deleted ...
configure:3829: $? = 0
configure:3818: /usr/bin/ccache /home/saurabhtayde/.buildozer/android/platform/android-ndk-r19c/toolchains/llvm/prebuilt/linux-x86_64/bin/clang -target aarch64-linux-android21 -fomit-frame-pointer -march=armv8-a -V >&5
clang: error: argument to '-V' is missing (expected 1 value)
clang: error: no input files
configure:3829: $? = 1
configure:3818: /usr/bin/ccache /home/saurabhtayde/.buildozer/android/platform/android-ndk-r19c/toolchains/llvm/prebuilt/linux-x86_64/bin/clang -target aarch64-linux-android21 -fomit-frame-pointer -march=armv8-a -qversion >&5
clang: error: unknown argument '-qversion', did you mean '--version'?
clang: error: no input files
configure:3829: $? = 1
configure:3849: checking whether the C compiler works
configure:3871: /usr/bin/ccache /home/saurabhtayde/.buildozer/android/platform/android-ndk-r19c/toolchains/llvm/prebuilt/linux-x86_64/bin/clang -target aarch64-linux-android21 -fomit-frame-pointer -march=armv8-a -target aarch64-linux-android21 -fomit-frame-pointer -march=armv8-a -DANDROID -D__ANDROID_API__=21 -I/home/saurabhtayde/.buildozer/android/platform/android-ndk-r19c/sysroot/usr/include/aarch64-linux-android -I/home/saurabhtayde/Work/Python_ArditSulce/Section27_MobileAppDevelopment/.buildozer/android/platform/build-arm64-v8a/build/python-installs/myapp/include/python3.8   -L/home/saurabhtayde/Work/Python_ArditSulce/Section27_MobileAppDevelopment/.buildozer/android/platform/build-arm64-v8a/build/libs_collections/myapp/arm64-v8a conftest.c  >&5
configure:3875: $? = 0
configure:3923: result: yes
configure:3926: checking for C compiler default output file name
configure:3928: result: a.out
configure:3934: checking for suffix of executables
configure:3941: /usr/bin/ccache /home/saurabhtayde/.buildozer/android/platform/android-ndk-r19c/toolchains/llvm/prebuilt/linux-x86_64/bin/clang -target aarch64-linux-android21 -fomit-frame-pointer -march=armv8-a -o conftest -target aarch64-linux-android21 -fomit-frame-pointer -march=armv8-a -DANDROID -D__ANDROID_API__=21 -I/home/saurabhtayde/.buildozer/android/platform/android-ndk-r19c/sysroot/usr/include/aarch64-linux-android -I/home/saurabhtayde/Work/Python_ArditSulce/Section27_MobileAppDevelopment/.buildozer/android/platform/build-arm64-v8a/build/python-installs/myapp/include/python3.8   -L/home/saurabhtayde/Work/Python_ArditSulce/Section27_MobileAppDevelopment/.buildozer/android/platform/build-arm64-v8a/build/libs_collections/myapp/arm64-v8a conftest.c  >&5
configure:3945: $? = 0
configure:3967: result: 
configure:3989: checking whether we are cross compiling
configure:3997: /usr/bin/ccache /home/saurabhtayde/.buildozer/android/platform/android-ndk-r19c/toolchains/llvm/prebuilt/linux-x86_64/bin/clang -target aarch64-linux-android21 -fomit-frame-pointer -march=armv8-a -o conftest -target aarch64-linux-android21 -fomit-frame-pointer -march=armv8-a -DANDROID -D__ANDROID_API__=21 -I/home/saurabhtayde/.buildozer/android/platform/android-ndk-r19c/sysroot/usr/include/aarch64-linux-android -I/home/saurabhtayde/Work/Python_ArditSulce/Section27_MobileAppDevelopment/.buildozer/android/platform/build-arm64-v8a/build/python-installs/myapp/include/python3.8   -L/home/saurabhtayde/Work/Python_ArditSulce/Section27_MobileAppDevelopment/.buildozer/android/platform/build-arm64-v8a/build/libs_collections/myapp/arm64-v8a conftest.c  >&5
configure:4001: $? = 0
configure:4008: ./conftest
/home/saurabhtayde/Work/Python_ArditSulce/Section27_MobileAppDevelopment/.buildozer/android/platform/build-arm64-v8a/build/other_builds/libffi/arm64-v8a__ndk_target_21/libffi/configure: line 4010: ./conftest: cannot execute binary file: Exec format error
configure:4012: $? = 126
configure:4000: result: yes
configure:4005: checking for suffix of object files
configure:4027: /usr/bin/ccache /home/saurabhtayde/.buildozer/android/platform/android-ndk-r19c/toolchains/llvm/prebuilt/linux-x86_64/bin/clang -target aarch64-linux-android21 -fomit-frame-pointer -march=armv8-a -c -target aarch64-linux-android21 -fomit-frame-pointer -march=armv8-a -DANDROID -D__ANDROID_API__=21 -I/home/saurabhtayde/.buildozer/android/platform/android-ndk-r19c/sysroot/usr/include/aarch64-linux-android -I/home/saurabhtayde/Work/Python_ArditSulce/Section27_MobileAppDevelopment/.buildozer/android/platform/build-arm64-v8a/build/python-installs/myapp/include/python3.8 conftest.c >&5
configure:4031: $? = 0
configure:4052: result: o
configure:4056: checking whether we are using the GNU C compiler
configure:4075: /usr/bin/ccache /home/saurabhtayde/.buildozer/android/platform/android-ndk-r19c/toolchains/llvm/prebuilt/linux-x86_64/bin/clang -target aarch64-linux-android21 -fomit-frame-pointer -march=armv8-a -c -target aarch64-linux-android21 -fomit-frame-pointer -march=armv8-a -DANDROID -D__ANDROID_API__=21 -I/home/saurabhtayde/.buildozer/android/platform/android-ndk-r19c/sysroot/usr/include/aarch64-linux-android -I/home/saurabhtayde/Work/Python_ArditSulce/Section27_MobileAppDevelopment/.buildozer/android/platform/build-arm64-v8a/build/python-installs/myapp/include/python3.8 conftest.c >&5
configure:4075: $? = 0
configure:4084: result: yes
configure:4093: checking whether /usr/bin/ccache /home/saurabhtayde/.buildozer/android/platform/android-ndk-r19c/toolchains/llvm/prebuilt/linux-x86_64/bin/clang -target aarch64-linux-android21 -fomit-frame-pointer -march=armv8-a accepts -g
configure:4113: /usr/bin/ccache /home/saurabhtayde/.buildozer/android/platform/android-ndk-r19c/toolchains/llvm/prebuilt/linux-x86_64/bin/clang -target aarch64-linux-android21 -fomit-frame-pointer -march=armv8-a -c -g -DANDROID -D__ANDROID_API__=21 -I/home/saurabhtayde/.buildozer/android/platform/android-ndk-r19c/sysroot/usr/include/aarch64-linux-android -I/home/saurabhtayde/Work/Python_ArditSulce/Section27_MobileAppDevelopment/.buildozer/android/platform/build-arm64-v8a/build/python-installs/myapp/include/python3.8 conftest.c >&5
configure:4113: $? = 0
configure:4154: result: yes
configure:4171: checking for /usr/bin/ccache /home/saurabhtayde/.buildozer/android/platform/android-ndk-r19c/toolchains/llvm/prebuilt/linux-x86_64/bin/clang -target aarch64-linux-android21 -fomit-frame-pointer -march=armv8-a option to accept ISO C89
configure:4234: /usr/bin/ccache /home/saurabhtayde/.buildozer/android/platform/android-ndk-r19c/toolchains/llvm/prebuilt/linux-x86_64/bin/clang -target aarch64-linux-android21 -fomit-frame-pointer -march=armv8-a  -c -target aarch64-linux-android21 -fomit-frame-pointer -march=armv8-a -DANDROID -D__ANDROID_API__=21 -I/home/saurabhtayde/.buildozer/android/platform/android-ndk-r19c/sysroot/usr/include/aarch64-linux-android -I/home/saurabhtayde/Work/Python_ArditSulce/Section27_MobileAppDevelopment/.buildozer/android/platform/build-arm64-v8a/build/python-installs/myapp/include/python3.8 conftest.c >&5
configure:4234: $? = 0
configure:4247: result: none needed
configure:4272: checking whether /usr/bin/ccache /home/saurabhtayde/.buildozer/android/platform/android-ndk-r19c/toolchains/llvm/prebuilt/linux-x86_64/bin/clang -target aarch64-linux-android21 -fomit-frame-pointer -march=armv8-a understands -c and -o together
configure:4294: /usr/bin/ccache /home/saurabhtayde/.buildozer/android/platform/android-ndk-r19c/toolchains/llvm/prebuilt/linux-x86_64/bin/clang -target aarch64-linux-android21 -fomit-frame-pointer -march=armv8-a -c conftest.c -o conftest2.o
configure:4297: $? = 0
configure:4294: /usr/bin/ccache /home/saurabhtayde/.buildozer/android/platform/android-ndk-r19c/toolchains/llvm/prebuilt/linux-x86_64/bin/clang -target aarch64-linux-android21 -fomit-frame-pointer -march=armv8-a -c conftest.c -o conftest2.o
configure:4297: $? = 0
configure:4309: result: yes
configure:4329: checking whether make -j8 supports the include directive
configure:4344: make -j8 -f confmf.GNU && cat confinc.out
this is the am__doit target
configure:4347: $? = 0
configure:4366: result: yes (GNU style)
configure:4391: checking dependency style of /usr/bin/ccache /home/saurabhtayde/.buildozer/android/platform/android-ndk-r19c/toolchains/llvm/prebuilt/linux-x86_64/bin/clang -target aarch64-linux-android21 -fomit-frame-pointer -march=armv8-a
configure:4502: result: gcc3
configure:4629: checking for C++ compiler version
configure:4638: /usr/bin/ccache /home/saurabhtayde/.buildozer/android/platform/android-ndk-r19c/toolchains/llvm/prebuilt/linux-x86_64/bin/clang++ -target aarch64-linux-android21 -fomit-frame-pointer -march=armv8-a --version >&5
Android (5058415 based on r339409) clang version 8.0.2 (https://android.googlesource.com/toolchain/clang 40173bab62ec746213857d083c0e8b0abb568790) (https://android.googlesource.com/toolchain/llvm 7a6618d69e7e8111e1d49dc9e7813767c5ca756a) (based on LLVM 8.0.2svn)
Target: aarch64-unknown-linux-android21
Thread model: posix
InstalledDir: /home/saurabhtayde/.buildozer/android/platform/android-ndk-r19c/toolchains/llvm/prebuilt/linux-x86_64/bin
configure:4649: $? = 0
configure:4638: /usr/bin/ccache /home/saurabhtayde/.buildozer/android/platform/android-ndk-r19c/toolchains/llvm/prebuilt/linux-x86_64/bin/clang++ -target aarch64-linux-android21 -fomit-frame-pointer -march=armv8-a -v >&5
Android (5058415 based on r339409) clang version 8.0.2 (https://android.googlesource.com/toolchain/clang 40173bab62ec746213857d083c0e8b0abb568790) (https://android.googlesource.com/toolchain/llvm 7a6618d69e7e8111e1d49dc9e7813767c5ca756a) (based on LLVM 8.0.2svn)
Target: aarch64-unknown-linux-android21
Thread model: posix
InstalledDir: /home/saurabhtayde/.buildozer/android/platform/android-ndk-r19c/toolchains/llvm/prebuilt/linux-x86_64/bin
Found candidate GCC installation: /home/saurabhtayde/.buildozer/android/platform/android-ndk-r19c/toolchains/llvm/prebuilt/linux-x86_64/bin/../lib/gcc/aarch64-linux-android/4.9.x
Selected GCC installation: /home/saurabhtayde/.buildozer/android/platform/android-ndk-r19c/toolchains/llvm/prebuilt/linux-x86_64/bin/../lib/gcc/aarch64-linux-android/4.9.x
Candidate multilib: .;@m64
Selected multilib: .;@m64
clang++: warning: argument unused during compilation: '-fomit-frame-pointer' [-Wunused-command-line-argument]
clang++: warning: argument unused during compilation: '-march=armv8-a' [-Wunused-command-line-argument]
... rest of stderr output deleted ...
configure:4649: $? = 0
configure:4638: /usr/bin/ccache /home/saurabhtayde/.buildozer/android/platform/android-ndk-r19c/toolchains/llvm/prebuilt/linux-x86_64/bin/clang++ -target aarch64-linux-android21 -fomit-frame-pointer -march=armv8-a -V >&5
clang++: error: argument to '-V' is missing (expected 1 value)
clang++: error: no input files
configure:4649: $? = 1
configure:4638: /usr/bin/ccache /home/saurabhtayde/.buildozer/android/platform/android-ndk-r19c/toolchains/llvm/prebuilt/linux-x86_64/bin/clang++ -target aarch64-linux-android21 -fomit-frame-pointer -march=armv8-a -qversion >&5
clang++: error: unknown argument '-qversion', did you mean '--version'?
clang++: error: no input files
configure:4649: $? = 1
configure:4653: checking whether we are using the GNU C++ compiler
configure:4672: /usr/bin/ccache /home/saurabhtayde/.buildozer/android/platform/android-ndk-r19c/toolchains/llvm/prebuilt/linux-x86_64/bin/clang++ -target aarch64-linux-android21 -fomit-frame-pointer -march=armv8-a -c -target aarch64-linux-android21 -fomit-frame-pointer -march=armv8-a -DANDROID -D__ANDROID_API__=21 -I/home/saurabhtayde/.buildozer/android/platform/android-ndk-r19c/sysroot/usr/include/aarch64-linux-android -I/home/saurabhtayde/Work/Python_ArditSulce/Section27_MobileAppDevelopment/.buildozer/android/platform/build-arm64-v8a/build/python-installs/myapp/include/python3.8 conftest.cpp >&5
configure:4672: $? = 0
configure:4681: result: yes
configure:4690: checking whether /usr/bin/ccache /home/saurabhtayde/.buildozer/android/platform/android-ndk-r19c/toolchains/llvm/prebuilt/linux-x86_64/bin/clang++ -target aarch64-linux-android21 -fomit-frame-pointer -march=armv8-a accepts -g
configure:4710: /usr/bin/ccache /home/saurabhtayde/.buildozer/android/platform/android-ndk-r19c/toolchains/llvm/prebuilt/linux-x86_64/bin/clang++ -target aarch64-linux-android21 -fomit-frame-pointer -march=armv8-a -c -g -DANDROID -D__ANDROID_API__=21 -I/home/saurabhtayde/.buildozer/android/platform/android-ndk-r19c/sysroot/usr/include/aarch64-linux-android -I/home/saurabhtayde/Work/Python_ArditSulce/Section27_MobileAppDevelopment/.buildozer/android/platform/build-arm64-v8a/build/python-installs/myapp/include/python3.8 conftest.cpp >&5
configure:4710: $? = 0
configure:4751: result: yes
configure:4776: checking dependency style of /usr/bin/ccache /home/saurabhtayde/.buildozer/android/platform/android-ndk-r19c/toolchains/llvm/prebuilt/linux-x86_64/bin/clang++ -target aarch64-linux-android21 -fomit-frame-pointer -march=armv8-a
configure:4887: result: gcc3
configure:4917: checking dependency style of /usr/bin/ccache /home/saurabhtayde/.buildozer/android/platform/android-ndk-r19c/toolchains/llvm/prebuilt/linux-x86_64/bin/clang -target aarch64-linux-android21 -fomit-frame-pointer -march=armv8-a
configure:5026: result: gcc3
configure:5088: checking how to print strings
configure:5115: result: printf
configure:5136: checking for a sed that does not truncate output
configure:5200: result: /usr/bin/sed
configure:5218: checking for grep that handles long lines and -e
configure:5276: result: /usr/bin/grep
configure:5281: checking for egrep
configure:5343: result: /usr/bin/grep -E
configure:5348: checking for fgrep
configure:5410: result: /usr/bin/grep -F
configure:5445: checking for ld used by /usr/bin/ccache /home/saurabhtayde/.buildozer/android/platform/android-ndk-r19c/toolchains/llvm/prebuilt/linux-x86_64/bin/clang -target aarch64-linux-android21 -fomit-frame-pointer -march=armv8-a
configure:5512: result: aarch64-linux-android-ld
configure:5519: checking if the linker (aarch64-linux-android-ld) is GNU ld
configure:5534: result: yes
configure:5546: checking for BSD- or MS-compatible name lister (nm)
configure:5600: result: aarch64-linux-android-nm
configure:5730: checking the name lister (aarch64-linux-android-nm) interface
configure:5737: /usr/bin/ccache /home/saurabhtayde/.buildozer/android/platform/android-ndk-r19c/toolchains/llvm/prebuilt/linux-x86_64/bin/clang -target aarch64-linux-android21 -fomit-frame-pointer -march=armv8-a -c -target aarch64-linux-android21 -fomit-frame-pointer -march=armv8-a -DANDROID -D__ANDROID_API__=21 -I/home/saurabhtayde/.buildozer/android/platform/android-ndk-r19c/sysroot/usr/include/aarch64-linux-android -I/home/saurabhtayde/Work/Python_ArditSulce/Section27_MobileAppDevelopment/.buildozer/android/platform/build-arm64-v8a/build/python-installs/myapp/include/python3.8 conftest.c >&5
configure:5740: aarch64-linux-android-nm "conftest.o"
configure:5743: output
0000000000000000 B some_variable
configure:5744: result: BSD nm
configure:5747: checking whether ln -s works
configure:5751: result: yes
configure:5759: checking the maximum length of command line arguments
configure:5890: result: 1572864
configure:5938: checking how to convert x86_64-pc-linux-gnu file names to aarch64-unknown-linux-android format
configure:5978: result: func_convert_file_noop
configure:5985: checking how to convert x86_64-pc-linux-gnu file names to toolchain format
configure:6005: result: func_convert_file_noop
configure:6012: checking for aarch64-linux-android-ld option to reload object files
configure:6019: result: -r
configure:6053: checking for aarch64-linux-android-objdump
configure:6069: found /home/saurabhtayde/.buildozer/android/platform/android-ndk-r19c/toolchains/llvm/prebuilt/linux-x86_64/bin/aarch64-linux-android-objdump
configure:6080: result: aarch64-linux-android-objdump
configure:6152: checking how to recognize dependent libraries
configure:6352: result: pass_all
configure:6397: checking for aarch64-linux-android-dlltool
configure:6427: result: no
configure:6437: checking for dlltool
configure:6467: result: no
configure:6497: checking how to associate runtime and link libraries
configure:6524: result: printf %s\n
configure:6541: checking for aarch64-linux-android-ar
configure:6568: result: aarch64-linux-android-ar
configure:6649: checking for archiver @FILE support
configure:6666: /usr/bin/ccache /home/saurabhtayde/.buildozer/android/platform/android-ndk-r19c/toolchains/llvm/prebuilt/linux-x86_64/bin/clang -target aarch64-linux-android21 -fomit-frame-pointer -march=armv8-a -c -target aarch64-linux-android21 -fomit-frame-pointer -march=armv8-a -DANDROID -D__ANDROID_API__=21 -I/home/saurabhtayde/.buildozer/android/platform/android-ndk-r19c/sysroot/usr/include/aarch64-linux-android -I/home/saurabhtayde/Work/Python_ArditSulce/Section27_MobileAppDevelopment/.buildozer/android/platform/build-arm64-v8a/build/python-installs/myapp/include/python3.8 conftest.c >&5
configure:6666: $? = 0
configure:6669: aarch64-linux-android-ar cru libconftest.a @conftest.lst >&5
configure:6672: $? = 0
configure:6677: aarch64-linux-android-ar cru libconftest.a @conftest.lst >&5
aarch64-linux-android-ar: conftest.o: No such file or directory
configure:6680: $? = 1
configure:6679: result: @
configure:6697: checking for aarch64-linux-android-strip
configure:6724: result: aarch64-linux-android-strip --strip-unneeded
configure:6796: checking for aarch64-linux-android-ranlib
configure:6823: result: aarch64-linux-android-ranlib
configure:6965: checking command to parse aarch64-linux-android-nm output from /usr/bin/ccache /home/saurabhtayde/.buildozer/android/platform/android-ndk-r19c/toolchains/llvm/prebuilt/linux-x86_64/bin/clang -target aarch64-linux-android21 -fomit-frame-pointer -march=armv8-a object
configure:7118: /usr/bin/ccache /home/saurabhtayde/.buildozer/android/platform/android-ndk-r19c/toolchains/llvm/prebuilt/linux-x86_64/bin/clang -target aarch64-linux-android21 -fomit-frame-pointer -march=armv8-a -c -target aarch64-linux-android21 -fomit-frame-pointer -march=armv8-a -DANDROID -D__ANDROID_API__=21 -I/home/saurabhtayde/.buildozer/android/platform/android-ndk-r19c/sysroot/usr/include/aarch64-linux-android -I/home/saurabhtayde/Work/Python_ArditSulce/Section27_MobileAppDevelopment/.buildozer/android/platform/build-arm64-v8a/build/python-installs/myapp/include/python3.8 conftest.c >&5
configure:7121: $? = 0
configure:7125: aarch64-linux-android-nm conftest.o \| sed -n -e 's/^.*[ ]\([ABCDGIRSTW][ABCDGIRSTW]*\)[ ][ ]*\([_A-Za-z][_A-Za-z0-9]*\)$/\1 \2 \2/p' | sed '/ __gnu_lto/d' \> conftest.nm
configure:7128: $? = 0
configure:7194: /usr/bin/ccache /home/saurabhtayde/.buildozer/android/platform/android-ndk-r19c/toolchains/llvm/prebuilt/linux-x86_64/bin/clang -target aarch64-linux-android21 -fomit-frame-pointer -march=armv8-a -o conftest -target aarch64-linux-android21 -fomit-frame-pointer -march=armv8-a -DANDROID -D__ANDROID_API__=21 -I/home/saurabhtayde/.buildozer/android/platform/android-ndk-r19c/sysroot/usr/include/aarch64-linux-android -I/home/saurabhtayde/Work/Python_ArditSulce/Section27_MobileAppDevelopment/.buildozer/android/platform/build-arm64-v8a/build/python-installs/myapp/include/python3.8   -L/home/saurabhtayde/Work/Python_ArditSulce/Section27_MobileAppDevelopment/.buildozer/android/platform/build-arm64-v8a/build/libs_collections/myapp/arm64-v8a conftest.c conftstm.o >&5
configure:7197: $? = 0
configure:7235: result: ok
configure:7282: checking for sysroot
configure:7312: result: no
configure:7319: checking for a working dd
configure:7357: result: /usr/bin/dd
configure:7361: checking how to truncate binary pipes
configure:7376: result: /usr/bin/dd bs=4096 count=1
configure:7665: checking for aarch64-linux-android-mt
configure:7695: result: no
configure:7705: checking for mt
configure:7721: found /usr/bin/mt
configure:7732: result: mt
configure:7744: WARNING: using cross tools not prefixed with host triplet
configure:7755: checking if mt is a manifest tool
configure:7761: mt '-?'
configure:7769: result: no
configure:8446: checking how to run the C preprocessor
configure:8477: /usr/bin/ccache /home/saurabhtayde/.buildozer/android/platform/android-ndk-r19c/toolchains/llvm/prebuilt/linux-x86_64/bin/clang -target aarch64-linux-android21 -fomit-frame-pointer -march=armv8-a -E -DANDROID -D__ANDROID_API__=21 -I/home/saurabhtayde/.buildozer/android/platform/android-ndk-r19c/sysroot/usr/include/aarch64-linux-android -I/home/saurabhtayde/Work/Python_ArditSulce/Section27_MobileAppDevelopment/.buildozer/android/platform/build-arm64-v8a/build/python-installs/myapp/include/python3.8 conftest.c
configure:8477: $? = 0
configure:8491: /usr/bin/ccache /home/saurabhtayde/.buildozer/android/platform/android-ndk-r19c/toolchains/llvm/prebuilt/linux-x86_64/bin/clang -target aarch64-linux-android21 -fomit-frame-pointer -march=armv8-a -E -DANDROID -D__ANDROID_API__=21 -I/home/saurabhtayde/.buildozer/android/platform/android-ndk-r19c/sysroot/usr/include/aarch64-linux-android -I/home/saurabhtayde/Work/Python_ArditSulce/Section27_MobileAppDevelopment/.buildozer/android/platform/build-arm64-v8a/build/python-installs/myapp/include/python3.8 conftest.c
conftest.c:11:10: fatal error: 'ac_nonexistent.h' file not found
#include <ac_nonexistent.h>
         ^~~~~~~~~~~~~~~~~~
1 error generated.
configure:8491: $? = 1
configure: failed program was:
| /* confdefs.h */
| #define PACKAGE_NAME "libffi"
| #define PACKAGE_TARNAME "libffi"
| #define PACKAGE_VERSION "3.3"
| #define PACKAGE_STRING "libffi 3.3"
| #define PACKAGE_BUGREPORT "http://github.com/libffi/libffi/issues"
| #define PACKAGE_URL ""
| #define PACKAGE "libffi"
| #define VERSION "3.3"
| /* end confdefs.h.  */
| #include <ac_nonexistent.h>
configure:8516: result: /usr/bin/ccache /home/saurabhtayde/.buildozer/android/platform/android-ndk-r19c/toolchains/llvm/prebuilt/linux-x86_64/bin/clang -target aarch64-linux-android21 -fomit-frame-pointer -march=armv8-a -E
configure:8536: /usr/bin/ccache /home/saurabhtayde/.buildozer/android/platform/android-ndk-r19c/toolchains/llvm/prebuilt/linux-x86_64/bin/clang -target aarch64-linux-android21 -fomit-frame-pointer -march=armv8-a -E -DANDROID -D__ANDROID_API__=21 -I/home/saurabhtayde/.buildozer/android/platform/android-ndk-r19c/sysroot/usr/include/aarch64-linux-android -I/home/saurabhtayde/Work/Python_ArditSulce/Section27_MobileAppDevelopment/.buildozer/android/platform/build-arm64-v8a/build/python-installs/myapp/include/python3.8 conftest.c
configure:8536: $? = 0
configure:8550: /usr/bin/ccache /home/saurabhtayde/.buildozer/android/platform/android-ndk-r19c/toolchains/llvm/prebuilt/linux-x86_64/bin/clang -target aarch64-linux-android21 -fomit-frame-pointer -march=armv8-a -E -DANDROID -D__ANDROID_API__=21 -I/home/saurabhtayde/.buildozer/android/platform/android-ndk-r19c/sysroot/usr/include/aarch64-linux-android -I/home/saurabhtayde/Work/Python_ArditSulce/Section27_MobileAppDevelopment/.buildozer/android/platform/build-arm64-v8a/build/python-installs/myapp/include/python3.8 conftest.c
conftest.c:11:10: fatal error: 'ac_nonexistent.h' file not found
#include <ac_nonexistent.h>
         ^~~~~~~~~~~~~~~~~~
1 error generated.
configure:8550: $? = 1
configure: failed program was:
| /* confdefs.h */
| #define PACKAGE_NAME "libffi"
| #define PACKAGE_TARNAME "libffi"
| #define PACKAGE_VERSION "3.3"
| #define PACKAGE_STRING "libffi 3.3"
| #define PACKAGE_BUGREPORT "http://github.com/libffi/libffi/issues"
| #define PACKAGE_URL ""
| #define PACKAGE "libffi"
| #define VERSION "3.3"
| /* end confdefs.h.  */
| #include <ac_nonexistent.h>
configure:8579: checking for ANSI C header files
configure:8599: /usr/bin/ccache /home/saurabhtayde/.buildozer/android/platform/android-ndk-r19c/toolchains/llvm/prebuilt/linux-x86_64/bin/clang -target aarch64-linux-android21 -fomit-frame-pointer -march=armv8-a -c -target aarch64-linux-android21 -fomit-frame-pointer -march=armv8-a -DANDROID -D__ANDROID_API__=21 -I/home/saurabhtayde/.buildozer/android/platform/android-ndk-r19c/sysroot/usr/include/aarch64-linux-android -I/home/saurabhtayde/Work/Python_ArditSulce/Section27_MobileAppDevelopment/.buildozer/android/platform/build-arm64-v8a/build/python-installs/myapp/include/python3.8 conftest.c >&5
configure:8599: $? = 0
configure:8683: result: yes
configure:8696: checking for sys/types.h
configure:8696: /usr/bin/ccache /home/saurabhtayde/.buildozer/android/platform/android-ndk-r19c/toolchains/llvm/prebuilt/linux-x86_64/bin/clang -target aarch64-linux-android21 -fomit-frame-pointer -march=armv8-a -c -target aarch64-linux-android21 -fomit-frame-pointer -march=armv8-a -DANDROID -D__ANDROID_API__=21 -I/home/saurabhtayde/.buildozer/android/platform/android-ndk-r19c/sysroot/usr/include/aarch64-linux-android -I/home/saurabhtayde/Work/Python_ArditSulce/Section27_MobileAppDevelopment/.buildozer/android/platform/build-arm64-v8a/build/python-installs/myapp/include/python3.8 conftest.c >&5
configure:8696: $? = 0
configure:8696: result: yes
configure:8696: checking for sys/stat.h
configure:8696: /usr/bin/ccache /home/saurabhtayde/.buildozer/android/platform/android-ndk-r19c/toolchains/llvm/prebuilt/linux-x86_64/bin/clang -target aarch64-linux-android21 -fomit-frame-pointer -march=armv8-a -c -target aarch64-linux-android21 -fomit-frame-pointer -march=armv8-a -DANDROID -D__ANDROID_API__=21 -I/home/saurabhtayde/.buildozer/android/platform/android-ndk-r19c/sysroot/usr/include/aarch64-linux-android -I/home/saurabhtayde/Work/Python_ArditSulce/Section27_MobileAppDevelopment/.buildozer/android/platform/build-arm64-v8a/build/python-installs/myapp/include/python3.8 conftest.c >&5
configure:8696: $? = 0
configure:8696: result: yes
configure:8696: checking for stdlib.h
configure:8696: /usr/bin/ccache /home/saurabhtayde/.buildozer/android/platform/android-ndk-r19c/toolchains/llvm/prebuilt/linux-x86_64/bin/clang -target aarch64-linux-android21 -fomit-frame-pointer -march=armv8-a -c -target aarch64-linux-android21 -fomit-frame-pointer -march=armv8-a -DANDROID -D__ANDROID_API__=21 -I/home/saurabhtayde/.buildozer/android/platform/android-ndk-r19c/sysroot/usr/include/aarch64-linux-android -I/home/saurabhtayde/Work/Python_ArditSulce/Section27_MobileAppDevelopment/.buildozer/android/platform/build-arm64-v8a/build/python-installs/myapp/include/python3.8 conftest.c >&5
configure:8696: $? = 0
configure:8696: result: yes
configure:8696: checking for string.h
configure:8696: /usr/bin/ccache /home/saurabhtayde/.buildozer/android/platform/android-ndk-r19c/toolchains/llvm/prebuilt/linux-x86_64/bin/clang -target aarch64-linux-android21 -fomit-frame-pointer -march=armv8-a -c -target aarch64-linux-android21 -fomit-frame-pointer -march=armv8-a -DANDROID -D__ANDROID_API__=21 -I/home/saurabhtayde/.buildozer/android/platform/android-ndk-r19c/sysroot/usr/include/aarch64-linux-android -I/home/saurabhtayde/Work/Python_ArditSulce/Section27_MobileAppDevelopment/.buildozer/android/platform/build-arm64-v8a/build/python-installs/myapp/include/python3.8 conftest.c >&5
configure:8696: $? = 0
configure:8696: result: yes
configure:8696: checking for memory.h
configure:8696: /usr/bin/ccache /home/saurabhtayde/.buildozer/android/platform/android-ndk-r19c/toolchains/llvm/prebuilt/linux-x86_64/bin/clang -target aarch64-linux-android21 -fomit-frame-pointer -march=armv8-a -c -target aarch64-linux-android21 -fomit-frame-pointer -march=armv8-a -DANDROID -D__ANDROID_API__=21 -I/home/saurabhtayde/.buildozer/android/platform/android-ndk-r19c/sysroot/usr/include/aarch64-linux-android -I/home/saurabhtayde/Work/Python_ArditSulce/Section27_MobileAppDevelopment/.buildozer/android/platform/build-arm64-v8a/build/python-installs/myapp/include/python3.8 conftest.c >&5
configure:8696: $? = 0
configure:8696: result: yes
configure:8696: checking for strings.h
configure:8696: /usr/bin/ccache /home/saurabhtayde/.buildozer/android/platform/android-ndk-r19c/toolchains/llvm/prebuilt/linux-x86_64/bin/clang -target aarch64-linux-android21 -fomit-frame-pointer -march=armv8-a -c -target aarch64-linux-android21 -fomit-frame-pointer -march=armv8-a -DANDROID -D__ANDROID_API__=21 -I/home/saurabhtayde/.buildozer/android/platform/android-ndk-r19c/sysroot/usr/include/aarch64-linux-android -I/home/saurabhtayde/Work/Python_ArditSulce/Section27_MobileAppDevelopment/.buildozer/android/platform/build-arm64-v8a/build/python-installs/myapp/include/python3.8 conftest.c >&5
configure:8696: $? = 0
configure:8696: result: yes
configure:8696: checking for inttypes.h
configure:8696: /usr/bin/ccache /home/saurabhtayde/.buildozer/android/platform/android-ndk-r19c/toolchains/llvm/prebuilt/linux-x86_64/bin/clang -target aarch64-linux-android21 -fomit-frame-pointer -march=armv8-a -c -target aarch64-linux-android21 -fomit-frame-pointer -march=armv8-a -DANDROID -D__ANDROID_API__=21 -I/home/saurabhtayde/.buildozer/android/platform/android-ndk-r19c/sysroot/usr/include/aarch64-linux-android -I/home/saurabhtayde/Work/Python_ArditSulce/Section27_MobileAppDevelopment/.buildozer/android/platform/build-arm64-v8a/build/python-installs/myapp/include/python3.8 conftest.c >&5
configure:8696: $? = 0
configure:8696: result: yes
configure:8696: checking for stdint.h
configure:8696: /usr/bin/ccache /home/saurabhtayde/.buildozer/android/platform/android-ndk-r19c/toolchains/llvm/prebuilt/linux-x86_64/bin/clang -target aarch64-linux-android21 -fomit-frame-pointer -march=armv8-a -c -target aarch64-linux-android21 -fomit-frame-pointer -march=armv8-a -DANDROID -D__ANDROID_API__=21 -I/home/saurabhtayde/.buildozer/android/platform/android-ndk-r19c/sysroot/usr/include/aarch64-linux-android -I/home/saurabhtayde/Work/Python_ArditSulce/Section27_MobileAppDevelopment/.buildozer/android/platform/build-arm64-v8a/build/python-installs/myapp/include/python3.8 conftest.c >&5
configure:8696: $? = 0
configure:8696: result: yes
configure:8696: checking for unistd.h
configure:8696: /usr/bin/ccache /home/saurabhtayde/.buildozer/android/platform/android-ndk-r19c/toolchains/llvm/prebuilt/linux-x86_64/bin/clang -target aarch64-linux-android21 -fomit-frame-pointer -march=armv8-a -c -target aarch64-linux-android21 -fomit-frame-pointer -march=armv8-a -DANDROID -D__ANDROID_API__=21 -I/home/saurabhtayde/.buildozer/android/platform/android-ndk-r19c/sysroot/usr/include/aarch64-linux-android -I/home/saurabhtayde/Work/Python_ArditSulce/Section27_MobileAppDevelopment/.buildozer/android/platform/build-arm64-v8a/build/python-installs/myapp/include/python3.8 conftest.c >&5
configure:8696: $? = 0
configure:8696: result: yes
configure:8710: checking for dlfcn.h
configure:8710: /usr/bin/ccache /home/saurabhtayde/.buildozer/android/platform/android-ndk-r19c/toolchains/llvm/prebuilt/linux-x86_64/bin/clang -target aarch64-linux-android21 -fomit-frame-pointer -march=armv8-a -c -target aarch64-linux-android21 -fomit-frame-pointer -march=armv8-a -DANDROID -D__ANDROID_API__=21 -I/home/saurabhtayde/.buildozer/android/platform/android-ndk-r19c/sysroot/usr/include/aarch64-linux-android -I/home/saurabhtayde/Work/Python_ArditSulce/Section27_MobileAppDevelopment/.buildozer/android/platform/build-arm64-v8a/build/python-installs/myapp/include/python3.8 conftest.c >&5
configure:8710: $? = 0
configure:8710: result: yes
configure:8977: checking for objdir
configure:8992: result: .libs
configure:9256: checking if /usr/bin/ccache /home/saurabhtayde/.buildozer/android/platform/android-ndk-r19c/toolchains/llvm/prebuilt/linux-x86_64/bin/clang -target aarch64-linux-android21 -fomit-frame-pointer -march=armv8-a supports -fno-rtti -fno-exceptions
configure:9274: /usr/bin/ccache /home/saurabhtayde/.buildozer/android/platform/android-ndk-r19c/toolchains/llvm/prebuilt/linux-x86_64/bin/clang -target aarch64-linux-android21 -fomit-frame-pointer -march=armv8-a -c -target aarch64-linux-android21 -fomit-frame-pointer -march=armv8-a -DANDROID -D__ANDROID_API__=21 -I/home/saurabhtayde/.buildozer/android/platform/android-ndk-r19c/sysroot/usr/include/aarch64-linux-android -I/home/saurabhtayde/Work/Python_ArditSulce/Section27_MobileAppDevelopment/.buildozer/android/platform/build-arm64-v8a/build/python-installs/myapp/include/python3.8 -fno-rtti -fno-exceptions conftest.c >&5
configure:9278: $? = 0
configure:9291: result: yes
configure:9649: checking for /usr/bin/ccache /home/saurabhtayde/.buildozer/android/platform/android-ndk-r19c/toolchains/llvm/prebuilt/linux-x86_64/bin/clang -target aarch64-linux-android21 -fomit-frame-pointer -march=armv8-a option to produce PIC
configure:9656: result: -fPIC -DPIC
configure:9664: checking if /usr/bin/ccache /home/saurabhtayde/.buildozer/android/platform/android-ndk-r19c/toolchains/llvm/prebuilt/linux-x86_64/bin/clang -target aarch64-linux-android21 -fomit-frame-pointer -march=armv8-a PIC flag -fPIC -DPIC works
configure:9682: /usr/bin/ccache /home/saurabhtayde/.buildozer/android/platform/android-ndk-r19c/toolchains/llvm/prebuilt/linux-x86_64/bin/clang -target aarch64-linux-android21 -fomit-frame-pointer -march=armv8-a -c -target aarch64-linux-android21 -fomit-frame-pointer -march=armv8-a -DANDROID -D__ANDROID_API__=21 -I/home/saurabhtayde/.buildozer/android/platform/android-ndk-r19c/sysroot/usr/include/aarch64-linux-android -I/home/saurabhtayde/Work/Python_ArditSulce/Section27_MobileAppDevelopment/.buildozer/android/platform/build-arm64-v8a/build/python-installs/myapp/include/python3.8 -fPIC -DPIC -DPIC conftest.c >&5
configure:9686: $? = 0
configure:9699: result: yes
configure:9728: checking if /usr/bin/ccache /home/saurabhtayde/.buildozer/android/platform/android-ndk-r19c/toolchains/llvm/prebuilt/linux-x86_64/bin/clang -target aarch64-linux-android21 -fomit-frame-pointer -march=armv8-a static flag -static works
configure:9756: result: yes
configure:9771: checking if /usr/bin/ccache /home/saurabhtayde/.buildozer/android/platform/android-ndk-r19c/toolchains/llvm/prebuilt/linux-x86_64/bin/clang -target aarch64-linux-android21 -fomit-frame-pointer -march=armv8-a supports -c -o file.o
configure:9792: /usr/bin/ccache /home/saurabhtayde/.buildozer/android/platform/android-ndk-r19c/toolchains/llvm/prebuilt/linux-x86_64/bin/clang -target aarch64-linux-android21 -fomit-frame-pointer -march=armv8-a -c -target aarch64-linux-android21 -fomit-frame-pointer -march=armv8-a -DANDROID -D__ANDROID_API__=21 -I/home/saurabhtayde/.buildozer/android/platform/android-ndk-r19c/sysroot/usr/include/aarch64-linux-android -I/home/saurabhtayde/Work/Python_ArditSulce/Section27_MobileAppDevelopment/.buildozer/android/platform/build-arm64-v8a/build/python-installs/myapp/include/python3.8 -o out/conftest2.o conftest.c >&5
configure:9796: $? = 0
configure:9818: result: yes
configure:9826: checking if /usr/bin/ccache /home/saurabhtayde/.buildozer/android/platform/android-ndk-r19c/toolchains/llvm/prebuilt/linux-x86_64/bin/clang -target aarch64-linux-android21 -fomit-frame-pointer -march=armv8-a supports -c -o file.o
configure:9873: result: yes
configure:9906: checking whether the /usr/bin/ccache /home/saurabhtayde/.buildozer/android/platform/android-ndk-r19c/toolchains/llvm/prebuilt/linux-x86_64/bin/clang -target aarch64-linux-android21 -fomit-frame-pointer -march=armv8-a linker (aarch64-linux-android-ld) supports shared libraries
configure:11165: result: yes
configure:11202: checking whether -lc should be explicitly linked in
configure:11210: /usr/bin/ccache /home/saurabhtayde/.buildozer/android/platform/android-ndk-r19c/toolchains/llvm/prebuilt/linux-x86_64/bin/clang -target aarch64-linux-android21 -fomit-frame-pointer -march=armv8-a -c -target aarch64-linux-android21 -fomit-frame-pointer -march=armv8-a -DANDROID -D__ANDROID_API__=21 -I/home/saurabhtayde/.buildozer/android/platform/android-ndk-r19c/sysroot/usr/include/aarch64-linux-android -I/home/saurabhtayde/Work/Python_ArditSulce/Section27_MobileAppDevelopment/.buildozer/android/platform/build-arm64-v8a/build/python-installs/myapp/include/python3.8 conftest.c >&5
configure:11213: $? = 0
configure:11228: /usr/bin/ccache /home/saurabhtayde/.buildozer/android/platform/android-ndk-r19c/toolchains/llvm/prebuilt/linux-x86_64/bin/clang -target aarch64-linux-android21 -fomit-frame-pointer -march=armv8-a -shared  -fPIC -DPIC conftest.o  -v -Wl,-soname -Wl,conftest -o conftest 2\>\&1 \| /usr/bin/grep  -lc  \>/dev/null 2\>\&1
configure:11231: $? = 0
configure:11245: result: no
configure:11405: checking dynamic linker characteristics
configure:12223: result: Android linker
configure:12345: checking how to hardcode library paths into programs
configure:12370: result: immediate
configure:12918: checking whether stripping libraries is possible
configure:12923: result: yes
configure:12958: checking if libtool supports shared libraries
configure:12960: result: yes
configure:12963: checking whether to build shared libraries
configure:12988: result: yes
configure:12991: checking whether to build static libraries
configure:12995: result: yes
configure:9810: checking how to run the C++ preprocessor
configure:9837: /usr/bin/ccache /home/saurabhtayde/.buildozer/android/platform/android-ndk-r19c/toolchains/llvm/prebuilt/linux-x86_64/bin/clang++ -target aarch64-linux-android21 -fomit-frame-pointer -march=armv8-a -E -DANDROID -D__ANDROID_API__=21 -I/home/saurabhtayde/.buildozer/android/platform/android-ndk-r19c/sysroot/usr/include/aarch64-linux-android -I/home/saurabhtayde/Work/Python_ArditSulce/Section27_MobileAppDevelopment/.buildozer/android/platform/build-arm64-v8a/build/python-installs/myapp/include/python3.8 conftest.cpp
configure:9837: $? = 0
configure:9851: /usr/bin/ccache /home/saurabhtayde/.buildozer/android/platform/android-ndk-r19c/toolchains/llvm/prebuilt/linux-x86_64/bin/clang++ -target aarch64-linux-android21 -fomit-frame-pointer -march=armv8-a -E -DANDROID -D__ANDROID_API__=21 -I/home/saurabhtayde/.buildozer/android/platform/android-ndk-r19c/sysroot/usr/include/aarch64-linux-android -I/home/saurabhtayde/Work/Python_ArditSulce/Section27_MobileAppDevelopment/.buildozer/android/platform/build-arm64-v8a/build/python-installs/myapp/include/python3.8 conftest.cpp
conftest.cpp:23:10: fatal error: 'ac_nonexistent.h' file not found
#include <ac_nonexistent.h>
         ^~~~~~~~~~~~~~~~~~
1 error generated.
configure:9851: $? = 1
configure: failed program was:
| /* confdefs.h */
| #define PACKAGE_NAME "libffi"
| #define PACKAGE_TARNAME "libffi"
| #define PACKAGE_VERSION "3.3"
| #define PACKAGE_STRING "libffi 3.3"
| #define PACKAGE_BUGREPORT "http://github.com/libffi/libffi/issues"
| #define PACKAGE_URL ""
| #define PACKAGE "libffi"
| #define VERSION "3.3"
| #define STDC_HEADERS 1
| #define HAVE_SYS_TYPES_H 1
| #define HAVE_SYS_STAT_H 1
| #define HAVE_STDLIB_H 1
| #define HAVE_STRING_H 1
| #define HAVE_MEMORY_H 1
| #define HAVE_STRINGS_H 1
| #define HAVE_INTTYPES_H 1
| #define HAVE_STDINT_H 1
| #define HAVE_UNISTD_H 1
| #define HAVE_DLFCN_H 1
| #define LT_OBJDIR ".libs/"
| /* end confdefs.h.  */
| #include <ac_nonexistent.h>
configure:9876: result: /usr/bin/ccache /home/saurabhtayde/.buildozer/android/platform/android-ndk-r19c/toolchains/llvm/prebuilt/linux-x86_64/bin/clang++ -target aarch64-linux-android21 -fomit-frame-pointer -march=armv8-a -E
configure:9896: /usr/bin/ccache /home/saurabhtayde/.buildozer/android/platform/android-ndk-r19c/toolchains/llvm/prebuilt/linux-x86_64/bin/clang++ -target aarch64-linux-android21 -fomit-frame-pointer -march=armv8-a -E -DANDROID -D__ANDROID_API__=21 -I/home/saurabhtayde/.buildozer/android/platform/android-ndk-r19c/sysroot/usr/include/aarch64-linux-android -I/home/saurabhtayde/Work/Python_ArditSulce/Section27_MobileAppDevelopment/.buildozer/android/platform/build-arm64-v8a/build/python-installs/myapp/include/python3.8 conftest.cpp
configure:9896: $? = 0
configure:9910: /usr/bin/ccache /home/saurabhtayde/.buildozer/android/platform/android-ndk-r19c/toolchains/llvm/prebuilt/linux-x86_64/bin/clang++ -target aarch64-linux-android21 -fomit-frame-pointer -march=armv8-a -E -DANDROID -D__ANDROID_API__=21 -I/home/saurabhtayde/.buildozer/android/platform/android-ndk-r19c/sysroot/usr/include/aarch64-linux-android -I/home/saurabhtayde/Work/Python_ArditSulce/Section27_MobileAppDevelopment/.buildozer/android/platform/build-arm64-v8a/build/python-installs/myapp/include/python3.8 conftest.cpp
conftest.cpp:23:10: fatal error: 'ac_nonexistent.h' file not found
#include <ac_nonexistent.h>
         ^~~~~~~~~~~~~~~~~~
1 error generated.
configure:9910: $? = 1
configure: failed program was:
| /* confdefs.h */
| #define PACKAGE_NAME "libffi"
| #define PACKAGE_TARNAME "libffi"
| #define PACKAGE_VERSION "3.3"
| #define PACKAGE_STRING "libffi 3.3"
| #define PACKAGE_BUGREPORT "http://github.com/libffi/libffi/issues"
| #define PACKAGE_URL ""
| #define PACKAGE "libffi"
| #define VERSION "3.3"
| #define STDC_HEADERS 1
| #define HAVE_SYS_TYPES_H 1
| #define HAVE_SYS_STAT_H 1
| #define HAVE_STDLIB_H 1
| #define HAVE_STRING_H 1
| #define HAVE_MEMORY_H 1
| #define HAVE_STRINGS_H 1
| #define HAVE_INTTYPES_H 1
| #define HAVE_STDINT_H 1
| #define HAVE_UNISTD_H 1
| #define HAVE_DLFCN_H 1
| #define LT_OBJDIR ".libs/"
| /* end confdefs.h.  */
| #include <ac_nonexistent.h>
configure:10072: checking for ld used by /usr/bin/ccache /home/saurabhtayde/.buildozer/android/platform/android-ndk-r19c/toolchains/llvm/prebuilt/linux-x86_64/bin/clang++ -target aarch64-linux-android21 -fomit-frame-pointer -march=armv8-a
configure:10139: result: aarch64-linux-android-ld
configure:10146: checking if the linker (aarch64-linux-android-ld) is GNU ld
configure:10161: result: yes
configure:10216: checking whether the /usr/bin/ccache /home/saurabhtayde/.buildozer/android/platform/android-ndk-r19c/toolchains/llvm/prebuilt/linux-x86_64/bin/clang++ -target aarch64-linux-android21 -fomit-frame-pointer -march=armv8-a linker (aarch64-linux-android-ld) supports shared libraries
configure:11289: result: yes
configure:11325: /usr/bin/ccache /home/saurabhtayde/.buildozer/android/platform/android-ndk-r19c/toolchains/llvm/prebuilt/linux-x86_64/bin/clang++ -target aarch64-linux-android21 -fomit-frame-pointer -march=armv8-a -c -target aarch64-linux-android21 -fomit-frame-pointer -march=armv8-a -DANDROID -D__ANDROID_API__=21 -I/home/saurabhtayde/.buildozer/android/platform/android-ndk-r19c/sysroot/usr/include/aarch64-linux-android -I/home/saurabhtayde/Work/Python_ArditSulce/Section27_MobileAppDevelopment/.buildozer/android/platform/build-arm64-v8a/build/python-installs/myapp/include/python3.8 conftest.cpp >&5
configure:11328: $? = 0
configure:11809: checking for /usr/bin/ccache /home/saurabhtayde/.buildozer/android/platform/android-ndk-r19c/toolchains/llvm/prebuilt/linux-x86_64/bin/clang++ -target aarch64-linux-android21 -fomit-frame-pointer -march=armv8-a option to produce PIC
configure:11816: result: -fPIC -DPIC
configure:11824: checking if /usr/bin/ccache /home/saurabhtayde/.buildozer/android/platform/android-ndk-r19c/toolchains/llvm/prebuilt/linux-x86_64/bin/clang++ -target aarch64-linux-android21 -fomit-frame-pointer -march=armv8-a PIC flag -fPIC -DPIC works
configure:11842: /usr/bin/ccache /home/saurabhtayde/.buildozer/android/platform/android-ndk-r19c/toolchains/llvm/prebuilt/linux-x86_64/bin/clang++ -target aarch64-linux-android21 -fomit-frame-pointer -march=armv8-a -c -target aarch64-linux-android21 -fomit-frame-pointer -march=armv8-a -DANDROID -D__ANDROID_API__=21 -I/home/saurabhtayde/.buildozer/android/platform/android-ndk-r19c/sysroot/usr/include/aarch64-linux-android -I/home/saurabhtayde/Work/Python_ArditSulce/Section27_MobileAppDevelopment/.buildozer/android/platform/build-arm64-v8a/build/python-installs/myapp/include/python3.8 -fPIC -DPIC -DPIC conftest.cpp >&5
configure:11846: $? = 0
configure:11859: result: yes
configure:11882: checking if /usr/bin/ccache /home/saurabhtayde/.buildozer/android/platform/android-ndk-r19c/toolchains/llvm/prebuilt/linux-x86_64/bin/clang++ -target aarch64-linux-android21 -fomit-frame-pointer -march=armv8-a static flag -static works
configure:11910: result: yes
configure:11922: checking if /usr/bin/ccache /home/saurabhtayde/.buildozer/android/platform/android-ndk-r19c/toolchains/llvm/prebuilt/linux-x86_64/bin/clang++ -target aarch64-linux-android21 -fomit-frame-pointer -march=armv8-a supports -c -o file.o
configure:11943: /usr/bin/ccache /home/saurabhtayde/.buildozer/android/platform/android-ndk-r19c/toolchains/llvm/prebuilt/linux-x86_64/bin/clang++ -target aarch64-linux-android21 -fomit-frame-pointer -march=armv8-a -c -target aarch64-linux-android21 -fomit-frame-pointer -march=armv8-a -DANDROID -D__ANDROID_API__=21 -I/home/saurabhtayde/.buildozer/android/platform/android-ndk-r19c/sysroot/usr/include/aarch64-linux-android -I/home/saurabhtayde/Work/Python_ArditSulce/Section27_MobileAppDevelopment/.buildozer/android/platform/build-arm64-v8a/build/python-installs/myapp/include/python3.8 -o out/conftest2.o conftest.cpp >&5
configure:11947: $? = 0
configure:11969: result: yes
configure:11974: checking if /usr/bin/ccache /home/saurabhtayde/.buildozer/android/platform/android-ndk-r19c/toolchains/llvm/prebuilt/linux-x86_64/bin/clang++ -target aarch64-linux-android21 -fomit-frame-pointer -march=armv8-a supports -c -o file.o
configure:12021: result: yes
configure:12051: checking whether the /usr/bin/ccache /home/saurabhtayde/.buildozer/android/platform/android-ndk-r19c/toolchains/llvm/prebuilt/linux-x86_64/bin/clang++ -target aarch64-linux-android21 -fomit-frame-pointer -march=armv8-a linker (aarch64-linux-android-ld) supports shared libraries
configure:12091: result: yes
configure:12232: checking dynamic linker characteristics
configure:12977: result: Android linker
configure:13042: checking how to hardcode library paths into programs
configure:13067: result: immediate
configure:11981: checking size of size_t
configure:11986: /usr/bin/ccache /home/saurabhtayde/.buildozer/android/platform/android-ndk-r19c/toolchains/llvm/prebuilt/linux-x86_64/bin/clang -target aarch64-linux-android21 -fomit-frame-pointer -march=armv8-a -c -target aarch64-linux-android21 -fomit-frame-pointer -march=armv8-a -DANDROID -D__ANDROID_API__=21 -I/home/saurabhtayde/.buildozer/android/platform/android-ndk-r19c/sysroot/usr/include/aarch64-linux-android -I/home/saurabhtayde/Work/Python_ArditSulce/Section27_MobileAppDevelopment/.buildozer/android/platform/build-arm64-v8a/build/python-installs/myapp/include/python3.8 conftest.c >&5
configure:11986: $? = 0
configure:11986: /usr/bin/ccache /home/saurabhtayde/.buildozer/android/platform/android-ndk-r19c/toolchains/llvm/prebuilt/linux-x86_64/bin/clang -target aarch64-linux-android21 -fomit-frame-pointer -march=armv8-a -c -target aarch64-linux-android21 -fomit-frame-pointer -march=armv8-a -DANDROID -D__ANDROID_API__=21 -I/home/saurabhtayde/.buildozer/android/platform/android-ndk-r19c/sysroot/usr/include/aarch64-linux-android -I/home/saurabhtayde/Work/Python_ArditSulce/Section27_MobileAppDevelopment/.buildozer/android/platform/build-arm64-v8a/build/python-installs/myapp/include/python3.8 conftest.c >&5
conftest.c:59:24: error: 'test_array' declared as an array with a negative size
static int test_array [1 - 2 * !(((long int) (sizeof (size_t))) <= 0)];
                       ^~~~~~~~~~~~~~~~~~~~~~~~~~~~~~~~~~~~~~~~~~~~~~
1 error generated.
configure:11986: $? = 1
configure: failed program was:
| /* confdefs.h */
| #define PACKAGE_NAME "libffi"
| #define PACKAGE_TARNAME "libffi"
| #define PACKAGE_VERSION "3.3"
| #define PACKAGE_STRING "libffi 3.3"
| #define PACKAGE_BUGREPORT "http://github.com/libffi/libffi/issues"
| #define PACKAGE_URL ""
| #define PACKAGE "libffi"
| #define VERSION "3.3"
| #define STDC_HEADERS 1
| #define HAVE_SYS_TYPES_H 1
| #define HAVE_SYS_STAT_H 1
| #define HAVE_STDLIB_H 1
| #define HAVE_STRING_H 1
| #define HAVE_MEMORY_H 1
| #define HAVE_STRINGS_H 1
| #define HAVE_INTTYPES_H 1
| #define HAVE_STDINT_H 1
| #define HAVE_UNISTD_H 1
| #define HAVE_DLFCN_H 1
| #define LT_OBJDIR ".libs/"
| /* end confdefs.h.  */
| #include <stdio.h>
| #ifdef HAVE_SYS_TYPES_H
| # include <sys/types.h>
| #endif
| #ifdef HAVE_SYS_STAT_H
| # include <sys/stat.h>
| #endif
| #ifdef STDC_HEADERS
| # include <stdlib.h>
| # include <stddef.h>
| #else
| # ifdef HAVE_STDLIB_H
| #  include <stdlib.h>
| # endif
| #endif
| #ifdef HAVE_STRING_H
| # if !defined STDC_HEADERS && defined HAVE_MEMORY_H
| #  include <memory.h>
| # endif
| # include <string.h>
| #endif
| #ifdef HAVE_STRINGS_H
| # include <strings.h>
| #endif
| #ifdef HAVE_INTTYPES_H
| # include <inttypes.h>
| #endif
| #ifdef HAVE_STDINT_H
| # include <stdint.h>
| #endif
| #ifdef HAVE_UNISTD_H
| # include <unistd.h>
| #endif
| int
| main ()
| {
| static int test_array [1 - 2 * !(((long int) (sizeof (size_t))) <= 0)];
| test_array [0] = 0;
| return test_array [0];
| 
|   ;
|   return 0;
| }
configure:11986: /usr/bin/ccache /home/saurabhtayde/.buildozer/android/platform/android-ndk-r19c/toolchains/llvm/prebuilt/linux-x86_64/bin/clang -target aarch64-linux-android21 -fomit-frame-pointer -march=armv8-a -c -target aarch64-linux-android21 -fomit-frame-pointer -march=armv8-a -DANDROID -D__ANDROID_API__=21 -I/home/saurabhtayde/.buildozer/android/platform/android-ndk-r19c/sysroot/usr/include/aarch64-linux-android -I/home/saurabhtayde/Work/Python_ArditSulce/Section27_MobileAppDevelopment/.buildozer/android/platform/build-arm64-v8a/build/python-installs/myapp/include/python3.8 conftest.c >&5
conftest.c:59:24: error: 'test_array' declared as an array with a negative size
static int test_array [1 - 2 * !(((long int) (sizeof (size_t))) <= 1)];
                       ^~~~~~~~~~~~~~~~~~~~~~~~~~~~~~~~~~~~~~~~~~~~~~
1 error generated.
configure:11986: $? = 1
configure: failed program was:
| /* confdefs.h */
| #define PACKAGE_NAME "libffi"
| #define PACKAGE_TARNAME "libffi"
| #define PACKAGE_VERSION "3.3"
| #define PACKAGE_STRING "libffi 3.3"
| #define PACKAGE_BUGREPORT "http://github.com/libffi/libffi/issues"
| #define PACKAGE_URL ""
| #define PACKAGE "libffi"
| #define VERSION "3.3"
| #define STDC_HEADERS 1
| #define HAVE_SYS_TYPES_H 1
| #define HAVE_SYS_STAT_H 1
| #define HAVE_STDLIB_H 1
| #define HAVE_STRING_H 1
| #define HAVE_MEMORY_H 1
| #define HAVE_STRINGS_H 1
| #define HAVE_INTTYPES_H 1
| #define HAVE_STDINT_H 1
| #define HAVE_UNISTD_H 1
| #define HAVE_DLFCN_H 1
| #define LT_OBJDIR ".libs/"
| /* end confdefs.h.  */
| #include <stdio.h>
| #ifdef HAVE_SYS_TYPES_H
| # include <sys/types.h>
| #endif
| #ifdef HAVE_SYS_STAT_H
| # include <sys/stat.h>
| #endif
| #ifdef STDC_HEADERS
| # include <stdlib.h>
| # include <stddef.h>
| #else
| # ifdef HAVE_STDLIB_H
| #  include <stdlib.h>
| # endif
| #endif
| #ifdef HAVE_STRING_H
| # if !defined STDC_HEADERS && defined HAVE_MEMORY_H
| #  include <memory.h>
| # endif
| # include <string.h>
| #endif
| #ifdef HAVE_STRINGS_H
| # include <strings.h>
| #endif
| #ifdef HAVE_INTTYPES_H
| # include <inttypes.h>
| #endif
| #ifdef HAVE_STDINT_H
| # include <stdint.h>
| #endif
| #ifdef HAVE_UNISTD_H
| # include <unistd.h>
| #endif
| int
| main ()
| {
| static int test_array [1 - 2 * !(((long int) (sizeof (size_t))) <= 1)];
| test_array [0] = 0;
| return test_array [0];
| 
|   ;
|   return 0;
| }
configure:11986: /usr/bin/ccache /home/saurabhtayde/.buildozer/android/platform/android-ndk-r19c/toolchains/llvm/prebuilt/linux-x86_64/bin/clang -target aarch64-linux-android21 -fomit-frame-pointer -march=armv8-a -c -target aarch64-linux-android21 -fomit-frame-pointer -march=armv8-a -DANDROID -D__ANDROID_API__=21 -I/home/saurabhtayde/.buildozer/android/platform/android-ndk-r19c/sysroot/usr/include/aarch64-linux-android -I/home/saurabhtayde/Work/Python_ArditSulce/Section27_MobileAppDevelopment/.buildozer/android/platform/build-arm64-v8a/build/python-installs/myapp/include/python3.8 conftest.c >&5
conftest.c:59:24: error: 'test_array' declared as an array with a negative size
static int test_array [1 - 2 * !(((long int) (sizeof (size_t))) <= 3)];
                       ^~~~~~~~~~~~~~~~~~~~~~~~~~~~~~~~~~~~~~~~~~~~~~
1 error generated.
configure:11986: $? = 1
configure: failed program was:
| /* confdefs.h */
| #define PACKAGE_NAME "libffi"
| #define PACKAGE_TARNAME "libffi"
| #define PACKAGE_VERSION "3.3"
| #define PACKAGE_STRING "libffi 3.3"
| #define PACKAGE_BUGREPORT "http://github.com/libffi/libffi/issues"
| #define PACKAGE_URL ""
| #define PACKAGE "libffi"
| #define VERSION "3.3"
| #define STDC_HEADERS 1
| #define HAVE_SYS_TYPES_H 1
| #define HAVE_SYS_STAT_H 1
| #define HAVE_STDLIB_H 1
| #define HAVE_STRING_H 1
| #define HAVE_MEMORY_H 1
| #define HAVE_STRINGS_H 1
| #define HAVE_INTTYPES_H 1
| #define HAVE_STDINT_H 1
| #define HAVE_UNISTD_H 1
| #define HAVE_DLFCN_H 1
| #define LT_OBJDIR ".libs/"
| /* end confdefs.h.  */
| #include <stdio.h>
| #ifdef HAVE_SYS_TYPES_H
| # include <sys/types.h>
| #endif
| #ifdef HAVE_SYS_STAT_H
| # include <sys/stat.h>
| #endif
| #ifdef STDC_HEADERS
| # include <stdlib.h>
| # include <stddef.h>
| #else
| # ifdef HAVE_STDLIB_H
| #  include <stdlib.h>
| # endif
| #endif
| #ifdef HAVE_STRING_H
| # if !defined STDC_HEADERS && defined HAVE_MEMORY_H
| #  include <memory.h>
| # endif
| # include <string.h>
| #endif
| #ifdef HAVE_STRINGS_H
| # include <strings.h>
| #endif
| #ifdef HAVE_INTTYPES_H
| # include <inttypes.h>
| #endif
| #ifdef HAVE_STDINT_H
| # include <stdint.h>
| #endif
| #ifdef HAVE_UNISTD_H
| # include <unistd.h>
| #endif
| int
| main ()
| {
| static int test_array [1 - 2 * !(((long int) (sizeof (size_t))) <= 3)];
| test_array [0] = 0;
| return test_array [0];
| 
|   ;
|   return 0;
| }
configure:11986: /usr/bin/ccache /home/saurabhtayde/.buildozer/android/platform/android-ndk-r19c/toolchains/llvm/prebuilt/linux-x86_64/bin/clang -target aarch64-linux-android21 -fomit-frame-pointer -march=armv8-a -c -target aarch64-linux-android21 -fomit-frame-pointer -march=armv8-a -DANDROID -D__ANDROID_API__=21 -I/home/saurabhtayde/.buildozer/android/platform/android-ndk-r19c/sysroot/usr/include/aarch64-linux-android -I/home/saurabhtayde/Work/Python_ArditSulce/Section27_MobileAppDevelopment/.buildozer/android/platform/build-arm64-v8a/build/python-installs/myapp/include/python3.8 conftest.c >&5
conftest.c:59:24: error: 'test_array' declared as an array with a negative size
static int test_array [1 - 2 * !(((long int) (sizeof (size_t))) <= 7)];
                       ^~~~~~~~~~~~~~~~~~~~~~~~~~~~~~~~~~~~~~~~~~~~~~
1 error generated.
configure:11986: $? = 1
configure: failed program was:
| /* confdefs.h */
| #define PACKAGE_NAME "libffi"
| #define PACKAGE_TARNAME "libffi"
| #define PACKAGE_VERSION "3.3"
| #define PACKAGE_STRING "libffi 3.3"
| #define PACKAGE_BUGREPORT "http://github.com/libffi/libffi/issues"
| #define PACKAGE_URL ""
| #define PACKAGE "libffi"
| #define VERSION "3.3"
| #define STDC_HEADERS 1
| #define HAVE_SYS_TYPES_H 1
| #define HAVE_SYS_STAT_H 1
| #define HAVE_STDLIB_H 1
| #define HAVE_STRING_H 1
| #define HAVE_MEMORY_H 1
| #define HAVE_STRINGS_H 1
| #define HAVE_INTTYPES_H 1
| #define HAVE_STDINT_H 1
| #define HAVE_UNISTD_H 1
| #define HAVE_DLFCN_H 1
| #define LT_OBJDIR ".libs/"
| /* end confdefs.h.  */
| #include <stdio.h>
| #ifdef HAVE_SYS_TYPES_H
| # include <sys/types.h>
| #endif
| #ifdef HAVE_SYS_STAT_H
| # include <sys/stat.h>
| #endif
| #ifdef STDC_HEADERS
| # include <stdlib.h>
| # include <stddef.h>
| #else
| # ifdef HAVE_STDLIB_H
| #  include <stdlib.h>
| # endif
| #endif
| #ifdef HAVE_STRING_H
| # if !defined STDC_HEADERS && defined HAVE_MEMORY_H
| #  include <memory.h>
| # endif
| # include <string.h>
| #endif
| #ifdef HAVE_STRINGS_H
| # include <strings.h>
| #endif
| #ifdef HAVE_INTTYPES_H
| # include <inttypes.h>
| #endif
| #ifdef HAVE_STDINT_H
| # include <stdint.h>
| #endif
| #ifdef HAVE_UNISTD_H
| # include <unistd.h>
| #endif
| int
| main ()
| {
| static int test_array [1 - 2 * !(((long int) (sizeof (size_t))) <= 7)];
| test_array [0] = 0;
| return test_array [0];
| 
|   ;
|   return 0;
| }
configure:11986: /usr/bin/ccache /home/saurabhtayde/.buildozer/android/platform/android-ndk-r19c/toolchains/llvm/prebuilt/linux-x86_64/bin/clang -target aarch64-linux-android21 -fomit-frame-pointer -march=armv8-a -c -target aarch64-linux-android21 -fomit-frame-pointer -march=armv8-a -DANDROID -D__ANDROID_API__=21 -I/home/saurabhtayde/.buildozer/android/platform/android-ndk-r19c/sysroot/usr/include/aarch64-linux-android -I/home/saurabhtayde/Work/Python_ArditSulce/Section27_MobileAppDevelopment/.buildozer/android/platform/build-arm64-v8a/build/python-installs/myapp/include/python3.8 conftest.c >&5
configure:11986: $? = 0
configure:11986: /usr/bin/ccache /home/saurabhtayde/.buildozer/android/platform/android-ndk-r19c/toolchains/llvm/prebuilt/linux-x86_64/bin/clang -target aarch64-linux-android21 -fomit-frame-pointer -march=armv8-a -c -target aarch64-linux-android21 -fomit-frame-pointer -march=armv8-a -DANDROID -D__ANDROID_API__=21 -I/home/saurabhtayde/.buildozer/android/platform/android-ndk-r19c/sysroot/usr/include/aarch64-linux-android -I/home/saurabhtayde/Work/Python_ArditSulce/Section27_MobileAppDevelopment/.buildozer/android/platform/build-arm64-v8a/build/python-installs/myapp/include/python3.8 conftest.c >&5
configure:11986: $? = 0
configure:11986: /usr/bin/ccache /home/saurabhtayde/.buildozer/android/platform/android-ndk-r19c/toolchains/llvm/prebuilt/linux-x86_64/bin/clang -target aarch64-linux-android21 -fomit-frame-pointer -march=armv8-a -c -target aarch64-linux-android21 -fomit-frame-pointer -march=armv8-a -DANDROID -D__ANDROID_API__=21 -I/home/saurabhtayde/.buildozer/android/platform/android-ndk-r19c/sysroot/usr/include/aarch64-linux-android -I/home/saurabhtayde/Work/Python_ArditSulce/Section27_MobileAppDevelopment/.buildozer/android/platform/build-arm64-v8a/build/python-installs/myapp/include/python3.8 conftest.c >&5
configure:11986: $? = 0
configure:11986: /usr/bin/ccache /home/saurabhtayde/.buildozer/android/platform/android-ndk-r19c/toolchains/llvm/prebuilt/linux-x86_64/bin/clang -target aarch64-linux-android21 -fomit-frame-pointer -march=armv8-a -c -target aarch64-linux-android21 -fomit-frame-pointer -march=armv8-a -DANDROID -D__ANDROID_API__=21 -I/home/saurabhtayde/.buildozer/android/platform/android-ndk-r19c/sysroot/usr/include/aarch64-linux-android -I/home/saurabhtayde/Work/Python_ArditSulce/Section27_MobileAppDevelopment/.buildozer/android/platform/build-arm64-v8a/build/python-installs/myapp/include/python3.8 conftest.c >&5
configure:11986: $? = 0
configure:12000: result: 8
configure:12011: checking for C compiler vendor
configure:12059: /usr/bin/ccache /home/saurabhtayde/.buildozer/android/platform/android-ndk-r19c/toolchains/llvm/prebuilt/linux-x86_64/bin/clang -target aarch64-linux-android21 -fomit-frame-pointer -march=armv8-a -c -target aarch64-linux-android21 -fomit-frame-pointer -march=armv8-a -DANDROID -D__ANDROID_API__=21 -I/home/saurabhtayde/.buildozer/android/platform/android-ndk-r19c/sysroot/usr/include/aarch64-linux-android -I/home/saurabhtayde/Work/Python_ArditSulce/Section27_MobileAppDevelopment/.buildozer/android/platform/build-arm64-v8a/build/python-installs/myapp/include/python3.8 conftest.c >&5
conftest.c:30:9: error: use of undeclared identifier 'thisisanerror'
        thisisanerror;
        ^
1 error generated.
configure:12059: $? = 1
configure: failed program was:
| /* confdefs.h */
| #define PACKAGE_NAME "libffi"
| #define PACKAGE_TARNAME "libffi"
| #define PACKAGE_VERSION "3.3"
| #define PACKAGE_STRING "libffi 3.3"
| #define PACKAGE_BUGREPORT "http://github.com/libffi/libffi/issues"
| #define PACKAGE_URL ""
| #define PACKAGE "libffi"
| #define VERSION "3.3"
| #define STDC_HEADERS 1
| #define HAVE_SYS_TYPES_H 1
| #define HAVE_SYS_STAT_H 1
| #define HAVE_STDLIB_H 1
| #define HAVE_STRING_H 1
| #define HAVE_MEMORY_H 1
| #define HAVE_STRINGS_H 1
| #define HAVE_INTTYPES_H 1
| #define HAVE_STDINT_H 1
| #define HAVE_UNISTD_H 1
| #define HAVE_DLFCN_H 1
| #define LT_OBJDIR ".libs/"
| #define SIZEOF_SIZE_T 8
| /* end confdefs.h.  */
| 
| int
| main ()
| {
| 
|       #if !(defined(__ICC) || defined(__ECC) || defined(__INTEL_COMPILER))
|         thisisanerror;
|       #endif
| 
|   ;
|   return 0;
| }
configure:12059: /usr/bin/ccache /home/saurabhtayde/.buildozer/android/platform/android-ndk-r19c/toolchains/llvm/prebuilt/linux-x86_64/bin/clang -target aarch64-linux-android21 -fomit-frame-pointer -march=armv8-a -c -target aarch64-linux-android21 -fomit-frame-pointer -march=armv8-a -DANDROID -D__ANDROID_API__=21 -I/home/saurabhtayde/.buildozer/android/platform/android-ndk-r19c/sysroot/usr/include/aarch64-linux-android -I/home/saurabhtayde/Work/Python_ArditSulce/Section27_MobileAppDevelopment/.buildozer/android/platform/build-arm64-v8a/build/python-installs/myapp/include/python3.8 conftest.c >&5
conftest.c:30:9: error: use of undeclared identifier 'thisisanerror'
        thisisanerror;
        ^
1 error generated.
configure:12059: $? = 1
configure: failed program was:
| /* confdefs.h */
| #define PACKAGE_NAME "libffi"
| #define PACKAGE_TARNAME "libffi"
| #define PACKAGE_VERSION "3.3"
| #define PACKAGE_STRING "libffi 3.3"
| #define PACKAGE_BUGREPORT "http://github.com/libffi/libffi/issues"
| #define PACKAGE_URL ""
| #define PACKAGE "libffi"
| #define VERSION "3.3"
| #define STDC_HEADERS 1
| #define HAVE_SYS_TYPES_H 1
| #define HAVE_SYS_STAT_H 1
| #define HAVE_STDLIB_H 1
| #define HAVE_STRING_H 1
| #define HAVE_MEMORY_H 1
| #define HAVE_STRINGS_H 1
| #define HAVE_INTTYPES_H 1
| #define HAVE_STDINT_H 1
| #define HAVE_UNISTD_H 1
| #define HAVE_DLFCN_H 1
| #define LT_OBJDIR ".libs/"
| #define SIZEOF_SIZE_T 8
| /* end confdefs.h.  */
| 
| int
| main ()
| {
| 
|       #if !(defined(__xlc__) || defined(__xlC__) || defined(__IBMC__) || defined(__IBMCPP__))
|         thisisanerror;
|       #endif
| 
|   ;
|   return 0;
| }
configure:12059: /usr/bin/ccache /home/saurabhtayde/.buildozer/android/platform/android-ndk-r19c/toolchains/llvm/prebuilt/linux-x86_64/bin/clang -target aarch64-linux-android21 -fomit-frame-pointer -march=armv8-a -c -target aarch64-linux-android21 -fomit-frame-pointer -march=armv8-a -DANDROID -D__ANDROID_API__=21 -I/home/saurabhtayde/.buildozer/android/platform/android-ndk-r19c/sysroot/usr/include/aarch64-linux-android -I/home/saurabhtayde/Work/Python_ArditSulce/Section27_MobileAppDevelopment/.buildozer/android/platform/build-arm64-v8a/build/python-installs/myapp/include/python3.8 conftest.c >&5
conftest.c:30:9: error: use of undeclared identifier 'thisisanerror'
        thisisanerror;
        ^
1 error generated.
configure:12059: $? = 1
configure: failed program was:
| /* confdefs.h */
| #define PACKAGE_NAME "libffi"
| #define PACKAGE_TARNAME "libffi"
| #define PACKAGE_VERSION "3.3"
| #define PACKAGE_STRING "libffi 3.3"
| #define PACKAGE_BUGREPORT "http://github.com/libffi/libffi/issues"
| #define PACKAGE_URL ""
| #define PACKAGE "libffi"
| #define VERSION "3.3"
| #define STDC_HEADERS 1
| #define HAVE_SYS_TYPES_H 1
| #define HAVE_SYS_STAT_H 1
| #define HAVE_STDLIB_H 1
| #define HAVE_STRING_H 1
| #define HAVE_MEMORY_H 1
| #define HAVE_STRINGS_H 1
| #define HAVE_INTTYPES_H 1
| #define HAVE_STDINT_H 1
| #define HAVE_UNISTD_H 1
| #define HAVE_DLFCN_H 1
| #define LT_OBJDIR ".libs/"
| #define SIZEOF_SIZE_T 8
| /* end confdefs.h.  */
| 
| int
| main ()
| {
| 
|       #if !(defined(__PATHCC__) || defined(__PATHSCALE__))
|         thisisanerror;
|       #endif
| 
|   ;
|   return 0;
| }
configure:12059: /usr/bin/ccache /home/saurabhtayde/.buildozer/android/platform/android-ndk-r19c/toolchains/llvm/prebuilt/linux-x86_64/bin/clang -target aarch64-linux-android21 -fomit-frame-pointer -march=armv8-a -c -target aarch64-linux-android21 -fomit-frame-pointer -march=armv8-a -DANDROID -D__ANDROID_API__=21 -I/home/saurabhtayde/.buildozer/android/platform/android-ndk-r19c/sysroot/usr/include/aarch64-linux-android -I/home/saurabhtayde/Work/Python_ArditSulce/Section27_MobileAppDevelopment/.buildozer/android/platform/build-arm64-v8a/build/python-installs/myapp/include/python3.8 conftest.c >&5
configure:12059: $? = 0
configure:12067: result: clang
configure:12912: checking CFLAGS for maximum warnings
configure:12932: /usr/bin/ccache /home/saurabhtayde/.buildozer/android/platform/android-ndk-r19c/toolchains/llvm/prebuilt/linux-x86_64/bin/clang -target aarch64-linux-android21 -fomit-frame-pointer -march=armv8-a -c -target aarch64-linux-android21 -fomit-frame-pointer -march=armv8-a -warn all  -warn all -DANDROID -D__ANDROID_API__=21 -I/home/saurabhtayde/.buildozer/android/platform/android-ndk-r19c/sysroot/usr/include/aarch64-linux-android -I/home/saurabhtayde/Work/Python_ArditSulce/Section27_MobileAppDevelopment/.buildozer/android/platform/build-arm64-v8a/build/python-installs/myapp/include/python3.8 conftest.c >&5
clang: error: unknown argument: '-warn'
clang: error: unknown argument: '-warn'
clang: error: no such file or directory: 'all'
clang: error: no such file or directory: 'all'
configure:12932: $? = 1
configure: failed program was:
| /* confdefs.h */
| #define PACKAGE_NAME "libffi"
| #define PACKAGE_TARNAME "libffi"
| #define PACKAGE_VERSION "3.3"
| #define PACKAGE_STRING "libffi 3.3"
| #define PACKAGE_BUGREPORT "http://github.com/libffi/libffi/issues"
| #define PACKAGE_URL ""
| #define PACKAGE "libffi"
| #define VERSION "3.3"
| #define STDC_HEADERS 1
| #define HAVE_SYS_TYPES_H 1
| #define HAVE_SYS_STAT_H 1
| #define HAVE_STDLIB_H 1
| #define HAVE_STRING_H 1
| #define HAVE_MEMORY_H 1
| #define HAVE_STRINGS_H 1
| #define HAVE_INTTYPES_H 1
| #define HAVE_STDINT_H 1
| #define HAVE_UNISTD_H 1
| #define HAVE_DLFCN_H 1
| #define LT_OBJDIR ".libs/"
| #define SIZEOF_SIZE_T 8
| /* end confdefs.h.  */
| 
| int
| main ()
| {
| 
|   ;
|   return 0;
| }
configure:12932: /usr/bin/ccache /home/saurabhtayde/.buildozer/android/platform/android-ndk-r19c/toolchains/llvm/prebuilt/linux-x86_64/bin/clang -target aarch64-linux-android21 -fomit-frame-pointer -march=armv8-a -c -target aarch64-linux-android21 -fomit-frame-pointer -march=armv8-a -pedantic  -Wall -DANDROID -D__ANDROID_API__=21 -I/home/saurabhtayde/.buildozer/android/platform/android-ndk-r19c/sysroot/usr/include/aarch64-linux-android -I/home/saurabhtayde/Work/Python_ArditSulce/Section27_MobileAppDevelopment/.buildozer/android/platform/build-arm64-v8a/build/python-installs/myapp/include/python3.8 conftest.c >&5
configure:12932: $? = 0
configure:12940: result: -Wall
configure:12960: : CFLAGS="$CFLAGS"
configure:12963: $? = 0
configure:13000: checking whether to enable maintainer-specific portions of Makefiles
configure:13009: result: no
configure:13025: checking sys/mman.h usability
configure:13025: /usr/bin/ccache /home/saurabhtayde/.buildozer/android/platform/android-ndk-r19c/toolchains/llvm/prebuilt/linux-x86_64/bin/clang -target aarch64-linux-android21 -fomit-frame-pointer -march=armv8-a -c -target aarch64-linux-android21 -fomit-frame-pointer -march=armv8-a -Wall -fexceptions -DANDROID -D__ANDROID_API__=21 -I/home/saurabhtayde/.buildozer/android/platform/android-ndk-r19c/sysroot/usr/include/aarch64-linux-android -I/home/saurabhtayde/Work/Python_ArditSulce/Section27_MobileAppDevelopment/.buildozer/android/platform/build-arm64-v8a/build/python-installs/myapp/include/python3.8 conftest.c >&5
configure:13025: $? = 0
configure:13025: result: yes
configure:13025: checking sys/mman.h presence
configure:13025: /usr/bin/ccache /home/saurabhtayde/.buildozer/android/platform/android-ndk-r19c/toolchains/llvm/prebuilt/linux-x86_64/bin/clang -target aarch64-linux-android21 -fomit-frame-pointer -march=armv8-a -E -DANDROID -D__ANDROID_API__=21 -I/home/saurabhtayde/.buildozer/android/platform/android-ndk-r19c/sysroot/usr/include/aarch64-linux-android -I/home/saurabhtayde/Work/Python_ArditSulce/Section27_MobileAppDevelopment/.buildozer/android/platform/build-arm64-v8a/build/python-installs/myapp/include/python3.8 conftest.c
configure:13025: $? = 0
configure:13025: result: yes
configure:13025: checking for sys/mman.h
configure:13025: result: yes
configure:13038: checking for mmap
configure:13038: /usr/bin/ccache /home/saurabhtayde/.buildozer/android/platform/android-ndk-r19c/toolchains/llvm/prebuilt/linux-x86_64/bin/clang -target aarch64-linux-android21 -fomit-frame-pointer -march=armv8-a -o conftest -target aarch64-linux-android21 -fomit-frame-pointer -march=armv8-a -Wall -fexceptions -DANDROID -D__ANDROID_API__=21 -I/home/saurabhtayde/.buildozer/android/platform/android-ndk-r19c/sysroot/usr/include/aarch64-linux-android -I/home/saurabhtayde/Work/Python_ArditSulce/Section27_MobileAppDevelopment/.buildozer/android/platform/build-arm64-v8a/build/python-installs/myapp/include/python3.8   -L/home/saurabhtayde/Work/Python_ArditSulce/Section27_MobileAppDevelopment/.buildozer/android/platform/build-arm64-v8a/build/libs_collections/myapp/arm64-v8a conftest.c  >&5
configure:13038: $? = 0
configure:13038: result: yes
configure:13038: checking for mkostemp
configure:13038: /usr/bin/ccache /home/saurabhtayde/.buildozer/android/platform/android-ndk-r19c/toolchains/llvm/prebuilt/linux-x86_64/bin/clang -target aarch64-linux-android21 -fomit-frame-pointer -march=armv8-a -o conftest -target aarch64-linux-android21 -fomit-frame-pointer -march=armv8-a -Wall -fexceptions -DANDROID -D__ANDROID_API__=21 -I/home/saurabhtayde/.buildozer/android/platform/android-ndk-r19c/sysroot/usr/include/aarch64-linux-android -I/home/saurabhtayde/Work/Python_ArditSulce/Section27_MobileAppDevelopment/.buildozer/android/platform/build-arm64-v8a/build/python-installs/myapp/include/python3.8   -L/home/saurabhtayde/Work/Python_ArditSulce/Section27_MobileAppDevelopment/.buildozer/android/platform/build-arm64-v8a/build/libs_collections/myapp/arm64-v8a conftest.c  >&5
/tmp/conftest-f19e91.o: In function `main':
conftest.c:(.text+0x8): undefined reference to `mkostemp'
conftest.c:(.text+0xc): undefined reference to `mkostemp'
clang: error: linker command failed with exit code 1 (use -v to see invocation)
configure:13038: $? = 1
configure: failed program was:
| /* confdefs.h */
| #define PACKAGE_NAME "libffi"
| #define PACKAGE_TARNAME "libffi"
| #define PACKAGE_VERSION "3.3"
| #define PACKAGE_STRING "libffi 3.3"
| #define PACKAGE_BUGREPORT "http://github.com/libffi/libffi/issues"
| #define PACKAGE_URL ""
| #define PACKAGE "libffi"
| #define VERSION "3.3"
| #define STDC_HEADERS 1
| #define HAVE_SYS_TYPES_H 1
| #define HAVE_SYS_STAT_H 1
| #define HAVE_STDLIB_H 1
| #define HAVE_STRING_H 1
| #define HAVE_MEMORY_H 1
| #define HAVE_STRINGS_H 1
| #define HAVE_INTTYPES_H 1
| #define HAVE_STDINT_H 1
| #define HAVE_UNISTD_H 1
| #define HAVE_DLFCN_H 1
| #define LT_OBJDIR ".libs/"
| #define SIZEOF_SIZE_T 8
| #define HAVE_SYS_MMAN_H 1
| #define HAVE_MMAP 1
| /* end confdefs.h.  */
| /* Define mkostemp to an innocuous variant, in case <limits.h> declares mkostemp.
|    For example, HP-UX 11i <limits.h> declares gettimeofday.  */
| #define mkostemp innocuous_mkostemp
| 
| /* System header to define __stub macros and hopefully few prototypes,
|     which can conflict with char mkostemp (); below.
|     Prefer <limits.h> to <assert.h> if __STDC__ is defined, since
|     <limits.h> exists even on freestanding compilers.  */
| 
| #ifdef __STDC__
| # include <limits.h>
| #else
| # include <assert.h>
| #endif
| 
| #undef mkostemp
| 
| /* Override any GCC internal prototype to avoid an error.
|    Use char because int might match the return type of a GCC
|    builtin and then its argument prototype would still apply.  */
| #ifdef __cplusplus
| extern "C"
| #endif
| char mkostemp ();
| /* The GNU C library defines this for functions which it implements
|     to always fail with ENOSYS.  Some functions are actually named
|     something starting with __ and the normal name is an alias.  */
| #if defined __stub_mkostemp || defined __stub___mkostemp
| choke me
| #endif
| 
| int
| main ()
| {
| return mkostemp ();
|   ;
|   return 0;
| }
configure:13038: result: no
configure:13048: checking for sys/mman.h
configure:13048: result: yes
configure:13056: checking for mmap
configure:13056: result: yes
configure:13069: checking whether read-only mmap of a plain file works
configure:13086: result: yes
configure:13088: checking whether mmap from /dev/zero works
configure:13110: result: yes
configure:13114: checking for MAP_ANON(YMOUS)
configure:13137: /usr/bin/ccache /home/saurabhtayde/.buildozer/android/platform/android-ndk-r19c/toolchains/llvm/prebuilt/linux-x86_64/bin/clang -target aarch64-linux-android21 -fomit-frame-pointer -march=armv8-a -c -target aarch64-linux-android21 -fomit-frame-pointer -march=armv8-a -Wall -fexceptions -DANDROID -D__ANDROID_API__=21 -I/home/saurabhtayde/.buildozer/android/platform/android-ndk-r19c/sysroot/usr/include/aarch64-linux-android -I/home/saurabhtayde/Work/Python_ArditSulce/Section27_MobileAppDevelopment/.buildozer/android/platform/build-arm64-v8a/build/python-installs/myapp/include/python3.8 conftest.c >&5
conftest.c:37:5: warning: unused variable 'n' [-Wunused-variable]
int n = MAP_ANONYMOUS;
    ^
1 warning generated.
configure:13137: $? = 0
configure:13144: result: yes
configure:13150: checking whether mmap with MAP_ANON(YMOUS) works
configure:13167: result: yes
configure:13210: checking for ANSI C header files
configure:13314: result: yes
configure:13324: checking for memcpy
configure:13324: /usr/bin/ccache /home/saurabhtayde/.buildozer/android/platform/android-ndk-r19c/toolchains/llvm/prebuilt/linux-x86_64/bin/clang -target aarch64-linux-android21 -fomit-frame-pointer -march=armv8-a -o conftest -target aarch64-linux-android21 -fomit-frame-pointer -march=armv8-a -Wall -fexceptions -DANDROID -D__ANDROID_API__=21 -I/home/saurabhtayde/.buildozer/android/platform/android-ndk-r19c/sysroot/usr/include/aarch64-linux-android -I/home/saurabhtayde/Work/Python_ArditSulce/Section27_MobileAppDevelopment/.buildozer/android/platform/build-arm64-v8a/build/python-installs/myapp/include/python3.8   -L/home/saurabhtayde/Work/Python_ArditSulce/Section27_MobileAppDevelopment/.buildozer/android/platform/build-arm64-v8a/build/libs_collections/myapp/arm64-v8a conftest.c  >&5
conftest.c:53:6: warning: incompatible redeclaration of library function 'memcpy' [-Wincompatible-library-redeclaration]
char memcpy ();
     ^
conftest.c:53:6: note: 'memcpy' is a builtin with type 'void *(void *, const void *, unsigned long)'
1 warning generated.
configure:13324: $? = 0
configure:13324: result: yes
configure:13333: checking for size_t
configure:13333: /usr/bin/ccache /home/saurabhtayde/.buildozer/android/platform/android-ndk-r19c/toolchains/llvm/prebuilt/linux-x86_64/bin/clang -target aarch64-linux-android21 -fomit-frame-pointer -march=armv8-a -c -target aarch64-linux-android21 -fomit-frame-pointer -march=armv8-a -Wall -fexceptions -DANDROID -D__ANDROID_API__=21 -I/home/saurabhtayde/.buildozer/android/platform/android-ndk-r19c/sysroot/usr/include/aarch64-linux-android -I/home/saurabhtayde/Work/Python_ArditSulce/Section27_MobileAppDevelopment/.buildozer/android/platform/build-arm64-v8a/build/python-installs/myapp/include/python3.8 conftest.c >&5
configure:13333: $? = 0
configure:13333: /usr/bin/ccache /home/saurabhtayde/.buildozer/android/platform/android-ndk-r19c/toolchains/llvm/prebuilt/linux-x86_64/bin/clang -target aarch64-linux-android21 -fomit-frame-pointer -march=armv8-a -c -target aarch64-linux-android21 -fomit-frame-pointer -march=armv8-a -Wall -fexceptions -DANDROID -D__ANDROID_API__=21 -I/home/saurabhtayde/.buildozer/android/platform/android-ndk-r19c/sysroot/usr/include/aarch64-linux-android -I/home/saurabhtayde/Work/Python_ArditSulce/Section27_MobileAppDevelopment/.buildozer/android/platform/build-arm64-v8a/build/python-installs/myapp/include/python3.8 conftest.c >&5
conftest.c:67:21: error: expected expression
if (sizeof ((size_t)))
                    ^
1 error generated.
configure:13333: $? = 1
configure: failed program was:
| /* confdefs.h */
| #define PACKAGE_NAME "libffi"
| #define PACKAGE_TARNAME "libffi"
| #define PACKAGE_VERSION "3.3"
| #define PACKAGE_STRING "libffi 3.3"
| #define PACKAGE_BUGREPORT "http://github.com/libffi/libffi/issues"
| #define PACKAGE_URL ""
| #define PACKAGE "libffi"
| #define VERSION "3.3"
| #define STDC_HEADERS 1
| #define HAVE_SYS_TYPES_H 1
| #define HAVE_SYS_STAT_H 1
| #define HAVE_STDLIB_H 1
| #define HAVE_STRING_H 1
| #define HAVE_MEMORY_H 1
| #define HAVE_STRINGS_H 1
| #define HAVE_INTTYPES_H 1
| #define HAVE_STDINT_H 1
| #define HAVE_UNISTD_H 1
| #define HAVE_DLFCN_H 1
| #define LT_OBJDIR ".libs/"
| #define SIZEOF_SIZE_T 8
| #define HAVE_SYS_MMAN_H 1
| #define HAVE_MMAP 1
| #define HAVE_MMAP_FILE 1
| #define HAVE_MMAP_DEV_ZERO 1
| #define HAVE_MMAP_ANON 1
| #define STDC_HEADERS 1
| #define HAVE_MEMCPY 1
| /* end confdefs.h.  */
| #include <stdio.h>
| #ifdef HAVE_SYS_TYPES_H
| # include <sys/types.h>
| #endif
| #ifdef HAVE_SYS_STAT_H
| # include <sys/stat.h>
| #endif
| #ifdef STDC_HEADERS
| # include <stdlib.h>
| # include <stddef.h>
| #else
| # ifdef HAVE_STDLIB_H
| #  include <stdlib.h>
| # endif
| #endif
| #ifdef HAVE_STRING_H
| # if !defined STDC_HEADERS && defined HAVE_MEMORY_H
| #  include <memory.h>
| # endif
| # include <string.h>
| #endif
| #ifdef HAVE_STRINGS_H
| # include <strings.h>
| #endif
| #ifdef HAVE_INTTYPES_H
| # include <inttypes.h>
| #endif
| #ifdef HAVE_STDINT_H
| # include <stdint.h>
| #endif
| #ifdef HAVE_UNISTD_H
| # include <unistd.h>
| #endif
| int
| main ()
| {
| if (sizeof ((size_t)))
| 	    return 0;
|   ;
|   return 0;
| }
configure:13333: result: yes
configure:13346: checking for working alloca.h
configure:13363: /usr/bin/ccache /home/saurabhtayde/.buildozer/android/platform/android-ndk-r19c/toolchains/llvm/prebuilt/linux-x86_64/bin/clang -target aarch64-linux-android21 -fomit-frame-pointer -march=armv8-a -o conftest -target aarch64-linux-android21 -fomit-frame-pointer -march=armv8-a -Wall -fexceptions -DANDROID -D__ANDROID_API__=21 -I/home/saurabhtayde/.buildozer/android/platform/android-ndk-r19c/sysroot/usr/include/aarch64-linux-android -I/home/saurabhtayde/Work/Python_ArditSulce/Section27_MobileAppDevelopment/.buildozer/android/platform/build-arm64-v8a/build/python-installs/myapp/include/python3.8   -L/home/saurabhtayde/Work/Python_ArditSulce/Section27_MobileAppDevelopment/.buildozer/android/platform/build-arm64-v8a/build/libs_collections/myapp/arm64-v8a conftest.c  >&5
configure:13363: $? = 0
configure:13371: result: yes
configure:13379: checking for alloca
configure:13416: /usr/bin/ccache /home/saurabhtayde/.buildozer/android/platform/android-ndk-r19c/toolchains/llvm/prebuilt/linux-x86_64/bin/clang -target aarch64-linux-android21 -fomit-frame-pointer -march=armv8-a -o conftest -target aarch64-linux-android21 -fomit-frame-pointer -march=armv8-a -Wall -fexceptions -DANDROID -D__ANDROID_API__=21 -I/home/saurabhtayde/.buildozer/android/platform/android-ndk-r19c/sysroot/usr/include/aarch64-linux-android -I/home/saurabhtayde/Work/Python_ArditSulce/Section27_MobileAppDevelopment/.buildozer/android/platform/build-arm64-v8a/build/python-installs/myapp/include/python3.8   -L/home/saurabhtayde/Work/Python_ArditSulce/Section27_MobileAppDevelopment/.buildozer/android/platform/build-arm64-v8a/build/libs_collections/myapp/arm64-v8a conftest.c  >&5
configure:13416: $? = 0
configure:13424: result: yes
configure:13535: checking size of double
configure:13540: /usr/bin/ccache /home/saurabhtayde/.buildozer/android/platform/android-ndk-r19c/toolchains/llvm/prebuilt/linux-x86_64/bin/clang -target aarch64-linux-android21 -fomit-frame-pointer -march=armv8-a -c -target aarch64-linux-android21 -fomit-frame-pointer -march=armv8-a -Wall -fexceptions -DANDROID -D__ANDROID_API__=21 -I/home/saurabhtayde/.buildozer/android/platform/android-ndk-r19c/sysroot/usr/include/aarch64-linux-android -I/home/saurabhtayde/Work/Python_ArditSulce/Section27_MobileAppDevelopment/.buildozer/android/platform/build-arm64-v8a/build/python-installs/myapp/include/python3.8 conftest.c >&5
configure:13540: $? = 0
configure:13540: /usr/bin/ccache /home/saurabhtayde/.buildozer/android/platform/android-ndk-r19c/toolchains/llvm/prebuilt/linux-x86_64/bin/clang -target aarch64-linux-android21 -fomit-frame-pointer -march=armv8-a -c -target aarch64-linux-android21 -fomit-frame-pointer -march=armv8-a -Wall -fexceptions -DANDROID -D__ANDROID_API__=21 -I/home/saurabhtayde/.buildozer/android/platform/android-ndk-r19c/sysroot/usr/include/aarch64-linux-android -I/home/saurabhtayde/Work/Python_ArditSulce/Section27_MobileAppDevelopment/.buildozer/android/platform/build-arm64-v8a/build/python-installs/myapp/include/python3.8 conftest.c >&5
conftest.c:69:24: error: 'test_array' declared as an array with a negative size
static int test_array [1 - 2 * !(((long int) (sizeof (double))) <= 0)];
                       ^~~~~~~~~~~~~~~~~~~~~~~~~~~~~~~~~~~~~~~~~~~~~~
1 error generated.
configure:13540: $? = 1
configure: failed program was:
| /* confdefs.h */
| #define PACKAGE_NAME "libffi"
| #define PACKAGE_TARNAME "libffi"
| #define PACKAGE_VERSION "3.3"
| #define PACKAGE_STRING "libffi 3.3"
| #define PACKAGE_BUGREPORT "http://github.com/libffi/libffi/issues"
| #define PACKAGE_URL ""
| #define PACKAGE "libffi"
| #define VERSION "3.3"
| #define STDC_HEADERS 1
| #define HAVE_SYS_TYPES_H 1
| #define HAVE_SYS_STAT_H 1
| #define HAVE_STDLIB_H 1
| #define HAVE_STRING_H 1
| #define HAVE_MEMORY_H 1
| #define HAVE_STRINGS_H 1
| #define HAVE_INTTYPES_H 1
| #define HAVE_STDINT_H 1
| #define HAVE_UNISTD_H 1
| #define HAVE_DLFCN_H 1
| #define LT_OBJDIR ".libs/"
| #define SIZEOF_SIZE_T 8
| #define HAVE_SYS_MMAN_H 1
| #define HAVE_MMAP 1
| #define HAVE_MMAP_FILE 1
| #define HAVE_MMAP_DEV_ZERO 1
| #define HAVE_MMAP_ANON 1
| #define STDC_HEADERS 1
| #define HAVE_MEMCPY 1
| #define HAVE_ALLOCA_H 1
| #define HAVE_ALLOCA 1
| /* end confdefs.h.  */
| #include <stdio.h>
| #ifdef HAVE_SYS_TYPES_H
| # include <sys/types.h>
| #endif
| #ifdef HAVE_SYS_STAT_H
| # include <sys/stat.h>
| #endif
| #ifdef STDC_HEADERS
| # include <stdlib.h>
| # include <stddef.h>
| #else
| # ifdef HAVE_STDLIB_H
| #  include <stdlib.h>
| # endif
| #endif
| #ifdef HAVE_STRING_H
| # if !defined STDC_HEADERS && defined HAVE_MEMORY_H
| #  include <memory.h>
| # endif
| # include <string.h>
| #endif
| #ifdef HAVE_STRINGS_H
| # include <strings.h>
| #endif
| #ifdef HAVE_INTTYPES_H
| # include <inttypes.h>
| #endif
| #ifdef HAVE_STDINT_H
| # include <stdint.h>
| #endif
| #ifdef HAVE_UNISTD_H
| # include <unistd.h>
| #endif
| int
| main ()
| {
| static int test_array [1 - 2 * !(((long int) (sizeof (double))) <= 0)];
| test_array [0] = 0;
| return test_array [0];
| 
|   ;
|   return 0;
| }
configure:13540: /usr/bin/ccache /home/saurabhtayde/.buildozer/android/platform/android-ndk-r19c/toolchains/llvm/prebuilt/linux-x86_64/bin/clang -target aarch64-linux-android21 -fomit-frame-pointer -march=armv8-a -c -target aarch64-linux-android21 -fomit-frame-pointer -march=armv8-a -Wall -fexceptions -DANDROID -D__ANDROID_API__=21 -I/home/saurabhtayde/.buildozer/android/platform/android-ndk-r19c/sysroot/usr/include/aarch64-linux-android -I/home/saurabhtayde/Work/Python_ArditSulce/Section27_MobileAppDevelopment/.buildozer/android/platform/build-arm64-v8a/build/python-installs/myapp/include/python3.8 conftest.c >&5
conftest.c:69:24: error: 'test_array' declared as an array with a negative size
static int test_array [1 - 2 * !(((long int) (sizeof (double))) <= 1)];
                       ^~~~~~~~~~~~~~~~~~~~~~~~~~~~~~~~~~~~~~~~~~~~~~
1 error generated.
configure:13540: $? = 1
configure: failed program was:
| /* confdefs.h */
| #define PACKAGE_NAME "libffi"
| #define PACKAGE_TARNAME "libffi"
| #define PACKAGE_VERSION "3.3"
| #define PACKAGE_STRING "libffi 3.3"
| #define PACKAGE_BUGREPORT "http://github.com/libffi/libffi/issues"
| #define PACKAGE_URL ""
| #define PACKAGE "libffi"
| #define VERSION "3.3"
| #define STDC_HEADERS 1
| #define HAVE_SYS_TYPES_H 1
| #define HAVE_SYS_STAT_H 1
| #define HAVE_STDLIB_H 1
| #define HAVE_STRING_H 1
| #define HAVE_MEMORY_H 1
| #define HAVE_STRINGS_H 1
| #define HAVE_INTTYPES_H 1
| #define HAVE_STDINT_H 1
| #define HAVE_UNISTD_H 1
| #define HAVE_DLFCN_H 1
| #define LT_OBJDIR ".libs/"
| #define SIZEOF_SIZE_T 8
| #define HAVE_SYS_MMAN_H 1
| #define HAVE_MMAP 1
| #define HAVE_MMAP_FILE 1
| #define HAVE_MMAP_DEV_ZERO 1
| #define HAVE_MMAP_ANON 1
| #define STDC_HEADERS 1
| #define HAVE_MEMCPY 1
| #define HAVE_ALLOCA_H 1
| #define HAVE_ALLOCA 1
| /* end confdefs.h.  */
| #include <stdio.h>
| #ifdef HAVE_SYS_TYPES_H
| # include <sys/types.h>
| #endif
| #ifdef HAVE_SYS_STAT_H
| # include <sys/stat.h>
| #endif
| #ifdef STDC_HEADERS
| # include <stdlib.h>
| # include <stddef.h>
| #else
| # ifdef HAVE_STDLIB_H
| #  include <stdlib.h>
| # endif
| #endif
| #ifdef HAVE_STRING_H
| # if !defined STDC_HEADERS && defined HAVE_MEMORY_H
| #  include <memory.h>
| # endif
| # include <string.h>
| #endif
| #ifdef HAVE_STRINGS_H
| # include <strings.h>
| #endif
| #ifdef HAVE_INTTYPES_H
| # include <inttypes.h>
| #endif
| #ifdef HAVE_STDINT_H
| # include <stdint.h>
| #endif
| #ifdef HAVE_UNISTD_H
| # include <unistd.h>
| #endif
| int
| main ()
| {
| static int test_array [1 - 2 * !(((long int) (sizeof (double))) <= 1)];
| test_array [0] = 0;
| return test_array [0];
| 
|   ;
|   return 0;
| }
configure:13540: /usr/bin/ccache /home/saurabhtayde/.buildozer/android/platform/android-ndk-r19c/toolchains/llvm/prebuilt/linux-x86_64/bin/clang -target aarch64-linux-android21 -fomit-frame-pointer -march=armv8-a -c -target aarch64-linux-android21 -fomit-frame-pointer -march=armv8-a -Wall -fexceptions -DANDROID -D__ANDROID_API__=21 -I/home/saurabhtayde/.buildozer/android/platform/android-ndk-r19c/sysroot/usr/include/aarch64-linux-android -I/home/saurabhtayde/Work/Python_ArditSulce/Section27_MobileAppDevelopment/.buildozer/android/platform/build-arm64-v8a/build/python-installs/myapp/include/python3.8 conftest.c >&5
conftest.c:69:24: error: 'test_array' declared as an array with a negative size
static int test_array [1 - 2 * !(((long int) (sizeof (double))) <= 3)];
                       ^~~~~~~~~~~~~~~~~~~~~~~~~~~~~~~~~~~~~~~~~~~~~~
1 error generated.
configure:13540: $? = 1
configure: failed program was:
| /* confdefs.h */
| #define PACKAGE_NAME "libffi"
| #define PACKAGE_TARNAME "libffi"
| #define PACKAGE_VERSION "3.3"
| #define PACKAGE_STRING "libffi 3.3"
| #define PACKAGE_BUGREPORT "http://github.com/libffi/libffi/issues"
| #define PACKAGE_URL ""
| #define PACKAGE "libffi"
| #define VERSION "3.3"
| #define STDC_HEADERS 1
| #define HAVE_SYS_TYPES_H 1
| #define HAVE_SYS_STAT_H 1
| #define HAVE_STDLIB_H 1
| #define HAVE_STRING_H 1
| #define HAVE_MEMORY_H 1
| #define HAVE_STRINGS_H 1
| #define HAVE_INTTYPES_H 1
| #define HAVE_STDINT_H 1
| #define HAVE_UNISTD_H 1
| #define HAVE_DLFCN_H 1
| #define LT_OBJDIR ".libs/"
| #define SIZEOF_SIZE_T 8
| #define HAVE_SYS_MMAN_H 1
| #define HAVE_MMAP 1
| #define HAVE_MMAP_FILE 1
| #define HAVE_MMAP_DEV_ZERO 1
| #define HAVE_MMAP_ANON 1
| #define STDC_HEADERS 1
| #define HAVE_MEMCPY 1
| #define HAVE_ALLOCA_H 1
| #define HAVE_ALLOCA 1
| /* end confdefs.h.  */
| #include <stdio.h>
| #ifdef HAVE_SYS_TYPES_H
| # include <sys/types.h>
| #endif
| #ifdef HAVE_SYS_STAT_H
| # include <sys/stat.h>
| #endif
| #ifdef STDC_HEADERS
| # include <stdlib.h>
| # include <stddef.h>
| #else
| # ifdef HAVE_STDLIB_H
| #  include <stdlib.h>
| # endif
| #endif
| #ifdef HAVE_STRING_H
| # if !defined STDC_HEADERS && defined HAVE_MEMORY_H
| #  include <memory.h>
| # endif
| # include <string.h>
| #endif
| #ifdef HAVE_STRINGS_H
| # include <strings.h>
| #endif
| #ifdef HAVE_INTTYPES_H
| # include <inttypes.h>
| #endif
| #ifdef HAVE_STDINT_H
| # include <stdint.h>
| #endif
| #ifdef HAVE_UNISTD_H
| # include <unistd.h>
| #endif
| int
| main ()
| {
| static int test_array [1 - 2 * !(((long int) (sizeof (double))) <= 3)];
| test_array [0] = 0;
| return test_array [0];
| 
|   ;
|   return 0;
| }
configure:13540: /usr/bin/ccache /home/saurabhtayde/.buildozer/android/platform/android-ndk-r19c/toolchains/llvm/prebuilt/linux-x86_64/bin/clang -target aarch64-linux-android21 -fomit-frame-pointer -march=armv8-a -c -target aarch64-linux-android21 -fomit-frame-pointer -march=armv8-a -Wall -fexceptions -DANDROID -D__ANDROID_API__=21 -I/home/saurabhtayde/.buildozer/android/platform/android-ndk-r19c/sysroot/usr/include/aarch64-linux-android -I/home/saurabhtayde/Work/Python_ArditSulce/Section27_MobileAppDevelopment/.buildozer/android/platform/build-arm64-v8a/build/python-installs/myapp/include/python3.8 conftest.c >&5
conftest.c:69:24: error: 'test_array' declared as an array with a negative size
static int test_array [1 - 2 * !(((long int) (sizeof (double))) <= 7)];
                       ^~~~~~~~~~~~~~~~~~~~~~~~~~~~~~~~~~~~~~~~~~~~~~
1 error generated.
configure:13540: $? = 1
configure: failed program was:
| /* confdefs.h */
| #define PACKAGE_NAME "libffi"
| #define PACKAGE_TARNAME "libffi"
| #define PACKAGE_VERSION "3.3"
| #define PACKAGE_STRING "libffi 3.3"
| #define PACKAGE_BUGREPORT "http://github.com/libffi/libffi/issues"
| #define PACKAGE_URL ""
| #define PACKAGE "libffi"
| #define VERSION "3.3"
| #define STDC_HEADERS 1
| #define HAVE_SYS_TYPES_H 1
| #define HAVE_SYS_STAT_H 1
| #define HAVE_STDLIB_H 1
| #define HAVE_STRING_H 1
| #define HAVE_MEMORY_H 1
| #define HAVE_STRINGS_H 1
| #define HAVE_INTTYPES_H 1
| #define HAVE_STDINT_H 1
| #define HAVE_UNISTD_H 1
| #define HAVE_DLFCN_H 1
| #define LT_OBJDIR ".libs/"
| #define SIZEOF_SIZE_T 8
| #define HAVE_SYS_MMAN_H 1
| #define HAVE_MMAP 1
| #define HAVE_MMAP_FILE 1
| #define HAVE_MMAP_DEV_ZERO 1
| #define HAVE_MMAP_ANON 1
| #define STDC_HEADERS 1
| #define HAVE_MEMCPY 1
| #define HAVE_ALLOCA_H 1
| #define HAVE_ALLOCA 1
| /* end confdefs.h.  */
| #include <stdio.h>
| #ifdef HAVE_SYS_TYPES_H
| # include <sys/types.h>
| #endif
| #ifdef HAVE_SYS_STAT_H
| # include <sys/stat.h>
| #endif
| #ifdef STDC_HEADERS
| # include <stdlib.h>
| # include <stddef.h>
| #else
| # ifdef HAVE_STDLIB_H
| #  include <stdlib.h>
| # endif
| #endif
| #ifdef HAVE_STRING_H
| # if !defined STDC_HEADERS && defined HAVE_MEMORY_H
| #  include <memory.h>
| # endif
| # include <string.h>
| #endif
| #ifdef HAVE_STRINGS_H
| # include <strings.h>
| #endif
| #ifdef HAVE_INTTYPES_H
| # include <inttypes.h>
| #endif
| #ifdef HAVE_STDINT_H
| # include <stdint.h>
| #endif
| #ifdef HAVE_UNISTD_H
| # include <unistd.h>
| #endif
| int
| main ()
| {
| static int test_array [1 - 2 * !(((long int) (sizeof (double))) <= 7)];
| test_array [0] = 0;
| return test_array [0];
| 
|   ;
|   return 0;
| }
configure:13540: /usr/bin/ccache /home/saurabhtayde/.buildozer/android/platform/android-ndk-r19c/toolchains/llvm/prebuilt/linux-x86_64/bin/clang -target aarch64-linux-android21 -fomit-frame-pointer -march=armv8-a -c -target aarch64-linux-android21 -fomit-frame-pointer -march=armv8-a -Wall -fexceptions -DANDROID -D__ANDROID_API__=21 -I/home/saurabhtayde/.buildozer/android/platform/android-ndk-r19c/sysroot/usr/include/aarch64-linux-android -I/home/saurabhtayde/Work/Python_ArditSulce/Section27_MobileAppDevelopment/.buildozer/android/platform/build-arm64-v8a/build/python-installs/myapp/include/python3.8 conftest.c >&5
configure:13540: $? = 0
configure:13540: /usr/bin/ccache /home/saurabhtayde/.buildozer/android/platform/android-ndk-r19c/toolchains/llvm/prebuilt/linux-x86_64/bin/clang -target aarch64-linux-android21 -fomit-frame-pointer -march=armv8-a -c -target aarch64-linux-android21 -fomit-frame-pointer -march=armv8-a -Wall -fexceptions -DANDROID -D__ANDROID_API__=21 -I/home/saurabhtayde/.buildozer/android/platform/android-ndk-r19c/sysroot/usr/include/aarch64-linux-android -I/home/saurabhtayde/Work/Python_ArditSulce/Section27_MobileAppDevelopment/.buildozer/android/platform/build-arm64-v8a/build/python-installs/myapp/include/python3.8 conftest.c >&5
configure:13540: $? = 0
configure:13540: /usr/bin/ccache /home/saurabhtayde/.buildozer/android/platform/android-ndk-r19c/toolchains/llvm/prebuilt/linux-x86_64/bin/clang -target aarch64-linux-android21 -fomit-frame-pointer -march=armv8-a -c -target aarch64-linux-android21 -fomit-frame-pointer -march=armv8-a -Wall -fexceptions -DANDROID -D__ANDROID_API__=21 -I/home/saurabhtayde/.buildozer/android/platform/android-ndk-r19c/sysroot/usr/include/aarch64-linux-android -I/home/saurabhtayde/Work/Python_ArditSulce/Section27_MobileAppDevelopment/.buildozer/android/platform/build-arm64-v8a/build/python-installs/myapp/include/python3.8 conftest.c >&5
configure:13540: $? = 0
configure:13540: /usr/bin/ccache /home/saurabhtayde/.buildozer/android/platform/android-ndk-r19c/toolchains/llvm/prebuilt/linux-x86_64/bin/clang -target aarch64-linux-android21 -fomit-frame-pointer -march=armv8-a -c -target aarch64-linux-android21 -fomit-frame-pointer -march=armv8-a -Wall -fexceptions -DANDROID -D__ANDROID_API__=21 -I/home/saurabhtayde/.buildozer/android/platform/android-ndk-r19c/sysroot/usr/include/aarch64-linux-android -I/home/saurabhtayde/Work/Python_ArditSulce/Section27_MobileAppDevelopment/.buildozer/android/platform/build-arm64-v8a/build/python-installs/myapp/include/python3.8 conftest.c >&5
configure:13540: $? = 0
configure:13554: result: 8
configure:13568: checking size of long double
configure:13573: /usr/bin/ccache /home/saurabhtayde/.buildozer/android/platform/android-ndk-r19c/toolchains/llvm/prebuilt/linux-x86_64/bin/clang -target aarch64-linux-android21 -fomit-frame-pointer -march=armv8-a -c -target aarch64-linux-android21 -fomit-frame-pointer -march=armv8-a -Wall -fexceptions -DANDROID -D__ANDROID_API__=21 -I/home/saurabhtayde/.buildozer/android/platform/android-ndk-r19c/sysroot/usr/include/aarch64-linux-android -I/home/saurabhtayde/Work/Python_ArditSulce/Section27_MobileAppDevelopment/.buildozer/android/platform/build-arm64-v8a/build/python-installs/myapp/include/python3.8 conftest.c >&5
configure:13573: $? = 0
configure:13573: /usr/bin/ccache /home/saurabhtayde/.buildozer/android/platform/android-ndk-r19c/toolchains/llvm/prebuilt/linux-x86_64/bin/clang -target aarch64-linux-android21 -fomit-frame-pointer -march=armv8-a -c -target aarch64-linux-android21 -fomit-frame-pointer -march=armv8-a -Wall -fexceptions -DANDROID -D__ANDROID_API__=21 -I/home/saurabhtayde/.buildozer/android/platform/android-ndk-r19c/sysroot/usr/include/aarch64-linux-android -I/home/saurabhtayde/Work/Python_ArditSulce/Section27_MobileAppDevelopment/.buildozer/android/platform/build-arm64-v8a/build/python-installs/myapp/include/python3.8 conftest.c >&5
conftest.c:70:24: error: 'test_array' declared as an array with a negative size
static int test_array [1 - 2 * !(((long int) (sizeof (long double))) <= 0)];
                       ^~~~~~~~~~~~~~~~~~~~~~~~~~~~~~~~~~~~~~~~~~~~~~~~~~~
1 error generated.
configure:13573: $? = 1
configure: failed program was:
| /* confdefs.h */
| #define PACKAGE_NAME "libffi"
| #define PACKAGE_TARNAME "libffi"
| #define PACKAGE_VERSION "3.3"
| #define PACKAGE_STRING "libffi 3.3"
| #define PACKAGE_BUGREPORT "http://github.com/libffi/libffi/issues"
| #define PACKAGE_URL ""
| #define PACKAGE "libffi"
| #define VERSION "3.3"
| #define STDC_HEADERS 1
| #define HAVE_SYS_TYPES_H 1
| #define HAVE_SYS_STAT_H 1
| #define HAVE_STDLIB_H 1
| #define HAVE_STRING_H 1
| #define HAVE_MEMORY_H 1
| #define HAVE_STRINGS_H 1
| #define HAVE_INTTYPES_H 1
| #define HAVE_STDINT_H 1
| #define HAVE_UNISTD_H 1
| #define HAVE_DLFCN_H 1
| #define LT_OBJDIR ".libs/"
| #define SIZEOF_SIZE_T 8
| #define HAVE_SYS_MMAN_H 1
| #define HAVE_MMAP 1
| #define HAVE_MMAP_FILE 1
| #define HAVE_MMAP_DEV_ZERO 1
| #define HAVE_MMAP_ANON 1
| #define STDC_HEADERS 1
| #define HAVE_MEMCPY 1
| #define HAVE_ALLOCA_H 1
| #define HAVE_ALLOCA 1
| #define SIZEOF_DOUBLE 8
| /* end confdefs.h.  */
| #include <stdio.h>
| #ifdef HAVE_SYS_TYPES_H
| # include <sys/types.h>
| #endif
| #ifdef HAVE_SYS_STAT_H
| # include <sys/stat.h>
| #endif
| #ifdef STDC_HEADERS
| # include <stdlib.h>
| # include <stddef.h>
| #else
| # ifdef HAVE_STDLIB_H
| #  include <stdlib.h>
| # endif
| #endif
| #ifdef HAVE_STRING_H
| # if !defined STDC_HEADERS && defined HAVE_MEMORY_H
| #  include <memory.h>
| # endif
| # include <string.h>
| #endif
| #ifdef HAVE_STRINGS_H
| # include <strings.h>
| #endif
| #ifdef HAVE_INTTYPES_H
| # include <inttypes.h>
| #endif
| #ifdef HAVE_STDINT_H
| # include <stdint.h>
| #endif
| #ifdef HAVE_UNISTD_H
| # include <unistd.h>
| #endif
| int
| main ()
| {
| static int test_array [1 - 2 * !(((long int) (sizeof (long double))) <= 0)];
| test_array [0] = 0;
| return test_array [0];
| 
|   ;
|   return 0;
| }
configure:13573: /usr/bin/ccache /home/saurabhtayde/.buildozer/android/platform/android-ndk-r19c/toolchains/llvm/prebuilt/linux-x86_64/bin/clang -target aarch64-linux-android21 -fomit-frame-pointer -march=armv8-a -c -target aarch64-linux-android21 -fomit-frame-pointer -march=armv8-a -Wall -fexceptions -DANDROID -D__ANDROID_API__=21 -I/home/saurabhtayde/.buildozer/android/platform/android-ndk-r19c/sysroot/usr/include/aarch64-linux-android -I/home/saurabhtayde/Work/Python_ArditSulce/Section27_MobileAppDevelopment/.buildozer/android/platform/build-arm64-v8a/build/python-installs/myapp/include/python3.8 conftest.c >&5
conftest.c:70:24: error: 'test_array' declared as an array with a negative size
static int test_array [1 - 2 * !(((long int) (sizeof (long double))) <= 1)];
                       ^~~~~~~~~~~~~~~~~~~~~~~~~~~~~~~~~~~~~~~~~~~~~~~~~~~
1 error generated.
configure:13573: $? = 1
configure: failed program was:
| /* confdefs.h */
| #define PACKAGE_NAME "libffi"
| #define PACKAGE_TARNAME "libffi"
| #define PACKAGE_VERSION "3.3"
| #define PACKAGE_STRING "libffi 3.3"
| #define PACKAGE_BUGREPORT "http://github.com/libffi/libffi/issues"
| #define PACKAGE_URL ""
| #define PACKAGE "libffi"
| #define VERSION "3.3"
| #define STDC_HEADERS 1
| #define HAVE_SYS_TYPES_H 1
| #define HAVE_SYS_STAT_H 1
| #define HAVE_STDLIB_H 1
| #define HAVE_STRING_H 1
| #define HAVE_MEMORY_H 1
| #define HAVE_STRINGS_H 1
| #define HAVE_INTTYPES_H 1
| #define HAVE_STDINT_H 1
| #define HAVE_UNISTD_H 1
| #define HAVE_DLFCN_H 1
| #define LT_OBJDIR ".libs/"
| #define SIZEOF_SIZE_T 8
| #define HAVE_SYS_MMAN_H 1
| #define HAVE_MMAP 1
| #define HAVE_MMAP_FILE 1
| #define HAVE_MMAP_DEV_ZERO 1
| #define HAVE_MMAP_ANON 1
| #define STDC_HEADERS 1
| #define HAVE_MEMCPY 1
| #define HAVE_ALLOCA_H 1
| #define HAVE_ALLOCA 1
| #define SIZEOF_DOUBLE 8
| /* end confdefs.h.  */
| #include <stdio.h>
| #ifdef HAVE_SYS_TYPES_H
| # include <sys/types.h>
| #endif
| #ifdef HAVE_SYS_STAT_H
| # include <sys/stat.h>
| #endif
| #ifdef STDC_HEADERS
| # include <stdlib.h>
| # include <stddef.h>
| #else
| # ifdef HAVE_STDLIB_H
| #  include <stdlib.h>
| # endif
| #endif
| #ifdef HAVE_STRING_H
| # if !defined STDC_HEADERS && defined HAVE_MEMORY_H
| #  include <memory.h>
| # endif
| # include <string.h>
| #endif
| #ifdef HAVE_STRINGS_H
| # include <strings.h>
| #endif
| #ifdef HAVE_INTTYPES_H
| # include <inttypes.h>
| #endif
| #ifdef HAVE_STDINT_H
| # include <stdint.h>
| #endif
| #ifdef HAVE_UNISTD_H
| # include <unistd.h>
| #endif
| int
| main ()
| {
| static int test_array [1 - 2 * !(((long int) (sizeof (long double))) <= 1)];
| test_array [0] = 0;
| return test_array [0];
| 
|   ;
|   return 0;
| }
configure:13573: /usr/bin/ccache /home/saurabhtayde/.buildozer/android/platform/android-ndk-r19c/toolchains/llvm/prebuilt/linux-x86_64/bin/clang -target aarch64-linux-android21 -fomit-frame-pointer -march=armv8-a -c -target aarch64-linux-android21 -fomit-frame-pointer -march=armv8-a -Wall -fexceptions -DANDROID -D__ANDROID_API__=21 -I/home/saurabhtayde/.buildozer/android/platform/android-ndk-r19c/sysroot/usr/include/aarch64-linux-android -I/home/saurabhtayde/Work/Python_ArditSulce/Section27_MobileAppDevelopment/.buildozer/android/platform/build-arm64-v8a/build/python-installs/myapp/include/python3.8 conftest.c >&5
conftest.c:70:24: error: 'test_array' declared as an array with a negative size
static int test_array [1 - 2 * !(((long int) (sizeof (long double))) <= 3)];
                       ^~~~~~~~~~~~~~~~~~~~~~~~~~~~~~~~~~~~~~~~~~~~~~~~~~~
1 error generated.
configure:13573: $? = 1
configure: failed program was:
| /* confdefs.h */
| #define PACKAGE_NAME "libffi"
| #define PACKAGE_TARNAME "libffi"
| #define PACKAGE_VERSION "3.3"
| #define PACKAGE_STRING "libffi 3.3"
| #define PACKAGE_BUGREPORT "http://github.com/libffi/libffi/issues"
| #define PACKAGE_URL ""
| #define PACKAGE "libffi"
| #define VERSION "3.3"
| #define STDC_HEADERS 1
| #define HAVE_SYS_TYPES_H 1
| #define HAVE_SYS_STAT_H 1
| #define HAVE_STDLIB_H 1
| #define HAVE_STRING_H 1
| #define HAVE_MEMORY_H 1
| #define HAVE_STRINGS_H 1
| #define HAVE_INTTYPES_H 1
| #define HAVE_STDINT_H 1
| #define HAVE_UNISTD_H 1
| #define HAVE_DLFCN_H 1
| #define LT_OBJDIR ".libs/"
| #define SIZEOF_SIZE_T 8
| #define HAVE_SYS_MMAN_H 1
| #define HAVE_MMAP 1
| #define HAVE_MMAP_FILE 1
| #define HAVE_MMAP_DEV_ZERO 1
| #define HAVE_MMAP_ANON 1
| #define STDC_HEADERS 1
| #define HAVE_MEMCPY 1
| #define HAVE_ALLOCA_H 1
| #define HAVE_ALLOCA 1
| #define SIZEOF_DOUBLE 8
| /* end confdefs.h.  */
| #include <stdio.h>
| #ifdef HAVE_SYS_TYPES_H
| # include <sys/types.h>
| #endif
| #ifdef HAVE_SYS_STAT_H
| # include <sys/stat.h>
| #endif
| #ifdef STDC_HEADERS
| # include <stdlib.h>
| # include <stddef.h>
| #else
| # ifdef HAVE_STDLIB_H
| #  include <stdlib.h>
| # endif
| #endif
| #ifdef HAVE_STRING_H
| # if !defined STDC_HEADERS && defined HAVE_MEMORY_H
| #  include <memory.h>
| # endif
| # include <string.h>
| #endif
| #ifdef HAVE_STRINGS_H
| # include <strings.h>
| #endif
| #ifdef HAVE_INTTYPES_H
| # include <inttypes.h>
| #endif
| #ifdef HAVE_STDINT_H
| # include <stdint.h>
| #endif
| #ifdef HAVE_UNISTD_H
| # include <unistd.h>
| #endif
| int
| main ()
| {
| static int test_array [1 - 2 * !(((long int) (sizeof (long double))) <= 3)];
| test_array [0] = 0;
| return test_array [0];
| 
|   ;
|   return 0;
| }
configure:13573: /usr/bin/ccache /home/saurabhtayde/.buildozer/android/platform/android-ndk-r19c/toolchains/llvm/prebuilt/linux-x86_64/bin/clang -target aarch64-linux-android21 -fomit-frame-pointer -march=armv8-a -c -target aarch64-linux-android21 -fomit-frame-pointer -march=armv8-a -Wall -fexceptions -DANDROID -D__ANDROID_API__=21 -I/home/saurabhtayde/.buildozer/android/platform/android-ndk-r19c/sysroot/usr/include/aarch64-linux-android -I/home/saurabhtayde/Work/Python_ArditSulce/Section27_MobileAppDevelopment/.buildozer/android/platform/build-arm64-v8a/build/python-installs/myapp/include/python3.8 conftest.c >&5
conftest.c:70:24: error: 'test_array' declared as an array with a negative size
static int test_array [1 - 2 * !(((long int) (sizeof (long double))) <= 7)];
                       ^~~~~~~~~~~~~~~~~~~~~~~~~~~~~~~~~~~~~~~~~~~~~~~~~~~
1 error generated.
configure:13573: $? = 1
configure: failed program was:
| /* confdefs.h */
| #define PACKAGE_NAME "libffi"
| #define PACKAGE_TARNAME "libffi"
| #define PACKAGE_VERSION "3.3"
| #define PACKAGE_STRING "libffi 3.3"
| #define PACKAGE_BUGREPORT "http://github.com/libffi/libffi/issues"
| #define PACKAGE_URL ""
| #define PACKAGE "libffi"
| #define VERSION "3.3"
| #define STDC_HEADERS 1
| #define HAVE_SYS_TYPES_H 1
| #define HAVE_SYS_STAT_H 1
| #define HAVE_STDLIB_H 1
| #define HAVE_STRING_H 1
| #define HAVE_MEMORY_H 1
| #define HAVE_STRINGS_H 1
| #define HAVE_INTTYPES_H 1
| #define HAVE_STDINT_H 1
| #define HAVE_UNISTD_H 1
| #define HAVE_DLFCN_H 1
| #define LT_OBJDIR ".libs/"
| #define SIZEOF_SIZE_T 8
| #define HAVE_SYS_MMAN_H 1
| #define HAVE_MMAP 1
| #define HAVE_MMAP_FILE 1
| #define HAVE_MMAP_DEV_ZERO 1
| #define HAVE_MMAP_ANON 1
| #define STDC_HEADERS 1
| #define HAVE_MEMCPY 1
| #define HAVE_ALLOCA_H 1
| #define HAVE_ALLOCA 1
| #define SIZEOF_DOUBLE 8
| /* end confdefs.h.  */
| #include <stdio.h>
| #ifdef HAVE_SYS_TYPES_H
| # include <sys/types.h>
| #endif
| #ifdef HAVE_SYS_STAT_H
| # include <sys/stat.h>
| #endif
| #ifdef STDC_HEADERS
| # include <stdlib.h>
| # include <stddef.h>
| #else
| # ifdef HAVE_STDLIB_H
| #  include <stdlib.h>
| # endif
| #endif
| #ifdef HAVE_STRING_H
| # if !defined STDC_HEADERS && defined HAVE_MEMORY_H
| #  include <memory.h>
| # endif
| # include <string.h>
| #endif
| #ifdef HAVE_STRINGS_H
| # include <strings.h>
| #endif
| #ifdef HAVE_INTTYPES_H
| # include <inttypes.h>
| #endif
| #ifdef HAVE_STDINT_H
| # include <stdint.h>
| #endif
| #ifdef HAVE_UNISTD_H
| # include <unistd.h>
| #endif
| int
| main ()
| {
| static int test_array [1 - 2 * !(((long int) (sizeof (long double))) <= 7)];
| test_array [0] = 0;
| return test_array [0];
| 
|   ;
|   return 0;
| }
configure:13573: /usr/bin/ccache /home/saurabhtayde/.buildozer/android/platform/android-ndk-r19c/toolchains/llvm/prebuilt/linux-x86_64/bin/clang -target aarch64-linux-android21 -fomit-frame-pointer -march=armv8-a -c -target aarch64-linux-android21 -fomit-frame-pointer -march=armv8-a -Wall -fexceptions -DANDROID -D__ANDROID_API__=21 -I/home/saurabhtayde/.buildozer/android/platform/android-ndk-r19c/sysroot/usr/include/aarch64-linux-android -I/home/saurabhtayde/Work/Python_ArditSulce/Section27_MobileAppDevelopment/.buildozer/android/platform/build-arm64-v8a/build/python-installs/myapp/include/python3.8 conftest.c >&5
conftest.c:70:24: error: 'test_array' declared as an array with a negative size
static int test_array [1 - 2 * !(((long int) (sizeof (long double))) <= 15)];
                       ^~~~~~~~~~~~~~~~~~~~~~~~~~~~~~~~~~~~~~~~~~~~~~~~~~~~
1 error generated.
configure:13573: $? = 1
configure: failed program was:
| /* confdefs.h */
| #define PACKAGE_NAME "libffi"
| #define PACKAGE_TARNAME "libffi"
| #define PACKAGE_VERSION "3.3"
| #define PACKAGE_STRING "libffi 3.3"
| #define PACKAGE_BUGREPORT "http://github.com/libffi/libffi/issues"
| #define PACKAGE_URL ""
| #define PACKAGE "libffi"
| #define VERSION "3.3"
| #define STDC_HEADERS 1
| #define HAVE_SYS_TYPES_H 1
| #define HAVE_SYS_STAT_H 1
| #define HAVE_STDLIB_H 1
| #define HAVE_STRING_H 1
| #define HAVE_MEMORY_H 1
| #define HAVE_STRINGS_H 1
| #define HAVE_INTTYPES_H 1
| #define HAVE_STDINT_H 1
| #define HAVE_UNISTD_H 1
| #define HAVE_DLFCN_H 1
| #define LT_OBJDIR ".libs/"
| #define SIZEOF_SIZE_T 8
| #define HAVE_SYS_MMAN_H 1
| #define HAVE_MMAP 1
| #define HAVE_MMAP_FILE 1
| #define HAVE_MMAP_DEV_ZERO 1
| #define HAVE_MMAP_ANON 1
| #define STDC_HEADERS 1
| #define HAVE_MEMCPY 1
| #define HAVE_ALLOCA_H 1
| #define HAVE_ALLOCA 1
| #define SIZEOF_DOUBLE 8
| /* end confdefs.h.  */
| #include <stdio.h>
| #ifdef HAVE_SYS_TYPES_H
| # include <sys/types.h>
| #endif
| #ifdef HAVE_SYS_STAT_H
| # include <sys/stat.h>
| #endif
| #ifdef STDC_HEADERS
| # include <stdlib.h>
| # include <stddef.h>
| #else
| # ifdef HAVE_STDLIB_H
| #  include <stdlib.h>
| # endif
| #endif
| #ifdef HAVE_STRING_H
| # if !defined STDC_HEADERS && defined HAVE_MEMORY_H
| #  include <memory.h>
| # endif
| # include <string.h>
| #endif
| #ifdef HAVE_STRINGS_H
| # include <strings.h>
| #endif
| #ifdef HAVE_INTTYPES_H
| # include <inttypes.h>
| #endif
| #ifdef HAVE_STDINT_H
| # include <stdint.h>
| #endif
| #ifdef HAVE_UNISTD_H
| # include <unistd.h>
| #endif
| int
| main ()
| {
| static int test_array [1 - 2 * !(((long int) (sizeof (long double))) <= 15)];
| test_array [0] = 0;
| return test_array [0];
| 
|   ;
|   return 0;
| }
configure:13573: /usr/bin/ccache /home/saurabhtayde/.buildozer/android/platform/android-ndk-r19c/toolchains/llvm/prebuilt/linux-x86_64/bin/clang -target aarch64-linux-android21 -fomit-frame-pointer -march=armv8-a -c -target aarch64-linux-android21 -fomit-frame-pointer -march=armv8-a -Wall -fexceptions -DANDROID -D__ANDROID_API__=21 -I/home/saurabhtayde/.buildozer/android/platform/android-ndk-r19c/sysroot/usr/include/aarch64-linux-android -I/home/saurabhtayde/Work/Python_ArditSulce/Section27_MobileAppDevelopment/.buildozer/android/platform/build-arm64-v8a/build/python-installs/myapp/include/python3.8 conftest.c >&5
configure:13573: $? = 0
configure:13573: /usr/bin/ccache /home/saurabhtayde/.buildozer/android/platform/android-ndk-r19c/toolchains/llvm/prebuilt/linux-x86_64/bin/clang -target aarch64-linux-android21 -fomit-frame-pointer -march=armv8-a -c -target aarch64-linux-android21 -fomit-frame-pointer -march=armv8-a -Wall -fexceptions -DANDROID -D__ANDROID_API__=21 -I/home/saurabhtayde/.buildozer/android/platform/android-ndk-r19c/sysroot/usr/include/aarch64-linux-android -I/home/saurabhtayde/Work/Python_ArditSulce/Section27_MobileAppDevelopment/.buildozer/android/platform/build-arm64-v8a/build/python-installs/myapp/include/python3.8 conftest.c >&5
configure:13573: $? = 0
configure:13573: /usr/bin/ccache /home/saurabhtayde/.buildozer/android/platform/android-ndk-r19c/toolchains/llvm/prebuilt/linux-x86_64/bin/clang -target aarch64-linux-android21 -fomit-frame-pointer -march=armv8-a -c -target aarch64-linux-android21 -fomit-frame-pointer -march=armv8-a -Wall -fexceptions -DANDROID -D__ANDROID_API__=21 -I/home/saurabhtayde/.buildozer/android/platform/android-ndk-r19c/sysroot/usr/include/aarch64-linux-android -I/home/saurabhtayde/Work/Python_ArditSulce/Section27_MobileAppDevelopment/.buildozer/android/platform/build-arm64-v8a/build/python-installs/myapp/include/python3.8 conftest.c >&5
configure:13573: $? = 0
configure:13573: /usr/bin/ccache /home/saurabhtayde/.buildozer/android/platform/android-ndk-r19c/toolchains/llvm/prebuilt/linux-x86_64/bin/clang -target aarch64-linux-android21 -fomit-frame-pointer -march=armv8-a -c -target aarch64-linux-android21 -fomit-frame-pointer -march=armv8-a -Wall -fexceptions -DANDROID -D__ANDROID_API__=21 -I/home/saurabhtayde/.buildozer/android/platform/android-ndk-r19c/sysroot/usr/include/aarch64-linux-android -I/home/saurabhtayde/Work/Python_ArditSulce/Section27_MobileAppDevelopment/.buildozer/android/platform/build-arm64-v8a/build/python-installs/myapp/include/python3.8 conftest.c >&5
configure:13573: $? = 0
configure:13573: /usr/bin/ccache /home/saurabhtayde/.buildozer/android/platform/android-ndk-r19c/toolchains/llvm/prebuilt/linux-x86_64/bin/clang -target aarch64-linux-android21 -fomit-frame-pointer -march=armv8-a -c -target aarch64-linux-android21 -fomit-frame-pointer -march=armv8-a -Wall -fexceptions -DANDROID -D__ANDROID_API__=21 -I/home/saurabhtayde/.buildozer/android/platform/android-ndk-r19c/sysroot/usr/include/aarch64-linux-android -I/home/saurabhtayde/Work/Python_ArditSulce/Section27_MobileAppDevelopment/.buildozer/android/platform/build-arm64-v8a/build/python-installs/myapp/include/python3.8 conftest.c >&5
configure:13573: $? = 0
configure:13587: result: 16
configure:13620: checking whether byte ordering is bigendian
configure:13635: /usr/bin/ccache /home/saurabhtayde/.buildozer/android/platform/android-ndk-r19c/toolchains/llvm/prebuilt/linux-x86_64/bin/clang -target aarch64-linux-android21 -fomit-frame-pointer -march=armv8-a -c -target aarch64-linux-android21 -fomit-frame-pointer -march=armv8-a -Wall -fexceptions -DANDROID -D__ANDROID_API__=21 -I/home/saurabhtayde/.buildozer/android/platform/android-ndk-r19c/sysroot/usr/include/aarch64-linux-android -I/home/saurabhtayde/Work/Python_ArditSulce/Section27_MobileAppDevelopment/.buildozer/android/platform/build-arm64-v8a/build/python-installs/myapp/include/python3.8 conftest.c >&5
conftest.c:37:9: error: unknown type name 'not'
               not a universal capable compiler
               ^
conftest.c:37:14: error: expected ';' after top level declarator
               not a universal capable compiler
                    ^
                    ;
2 errors generated.
configure:13635: $? = 1
configure: failed program was:
| /* confdefs.h */
| #define PACKAGE_NAME "libffi"
| #define PACKAGE_TARNAME "libffi"
| #define PACKAGE_VERSION "3.3"
| #define PACKAGE_STRING "libffi 3.3"
| #define PACKAGE_BUGREPORT "http://github.com/libffi/libffi/issues"
| #define PACKAGE_URL ""
| #define PACKAGE "libffi"
| #define VERSION "3.3"
| #define STDC_HEADERS 1
| #define HAVE_SYS_TYPES_H 1
| #define HAVE_SYS_STAT_H 1
| #define HAVE_STDLIB_H 1
| #define HAVE_STRING_H 1
| #define HAVE_MEMORY_H 1
| #define HAVE_STRINGS_H 1
| #define HAVE_INTTYPES_H 1
| #define HAVE_STDINT_H 1
| #define HAVE_UNISTD_H 1
| #define HAVE_DLFCN_H 1
| #define LT_OBJDIR ".libs/"
| #define SIZEOF_SIZE_T 8
| #define HAVE_SYS_MMAN_H 1
| #define HAVE_MMAP 1
| #define HAVE_MMAP_FILE 1
| #define HAVE_MMAP_DEV_ZERO 1
| #define HAVE_MMAP_ANON 1
| #define STDC_HEADERS 1
| #define HAVE_MEMCPY 1
| #define HAVE_ALLOCA_H 1
| #define HAVE_ALLOCA 1
| #define SIZEOF_DOUBLE 8
| #define SIZEOF_LONG_DOUBLE 16
| #define HAVE_LONG_DOUBLE 1
| /* end confdefs.h.  */
| #ifndef __APPLE_CC__
| 	       not a universal capable compiler
| 	     #endif
| 	     typedef int dummy;
| 
configure:13680: /usr/bin/ccache /home/saurabhtayde/.buildozer/android/platform/android-ndk-r19c/toolchains/llvm/prebuilt/linux-x86_64/bin/clang -target aarch64-linux-android21 -fomit-frame-pointer -march=armv8-a -c -target aarch64-linux-android21 -fomit-frame-pointer -march=armv8-a -Wall -fexceptions -DANDROID -D__ANDROID_API__=21 -I/home/saurabhtayde/.buildozer/android/platform/android-ndk-r19c/sysroot/usr/include/aarch64-linux-android -I/home/saurabhtayde/Work/Python_ArditSulce/Section27_MobileAppDevelopment/.buildozer/android/platform/build-arm64-v8a/build/python-installs/myapp/include/python3.8 conftest.c >&5
conftest.c:43:8: error: use of undeclared identifier 'bogus'
              bogus endian macros
              ^
1 error generated.
configure:13680: $? = 1
configure: failed program was:
| /* confdefs.h */
| #define PACKAGE_NAME "libffi"
| #define PACKAGE_TARNAME "libffi"
| #define PACKAGE_VERSION "3.3"
| #define PACKAGE_STRING "libffi 3.3"
| #define PACKAGE_BUGREPORT "http://github.com/libffi/libffi/issues"
| #define PACKAGE_URL ""
| #define PACKAGE "libffi"
| #define VERSION "3.3"
| #define STDC_HEADERS 1
| #define HAVE_SYS_TYPES_H 1
| #define HAVE_SYS_STAT_H 1
| #define HAVE_STDLIB_H 1
| #define HAVE_STRING_H 1
| #define HAVE_MEMORY_H 1
| #define HAVE_STRINGS_H 1
| #define HAVE_INTTYPES_H 1
| #define HAVE_STDINT_H 1
| #define HAVE_UNISTD_H 1
| #define HAVE_DLFCN_H 1
| #define LT_OBJDIR ".libs/"
| #define SIZEOF_SIZE_T 8
| #define HAVE_SYS_MMAN_H 1
| #define HAVE_MMAP 1
| #define HAVE_MMAP_FILE 1
| #define HAVE_MMAP_DEV_ZERO 1
| #define HAVE_MMAP_ANON 1
| #define STDC_HEADERS 1
| #define HAVE_MEMCPY 1
| #define HAVE_ALLOCA_H 1
| #define HAVE_ALLOCA 1
| #define SIZEOF_DOUBLE 8
| #define SIZEOF_LONG_DOUBLE 16
| #define HAVE_LONG_DOUBLE 1
| /* end confdefs.h.  */
| #include <sys/types.h>
| 	     #include <sys/param.h>
| 
| int
| main ()
| {
| #if ! (defined BYTE_ORDER && defined BIG_ENDIAN 		     && defined LITTLE_ENDIAN && BYTE_ORDER && BIG_ENDIAN 		     && LITTLE_ENDIAN)
| 	      bogus endian macros
| 	     #endif
| 
|   ;
|   return 0;
| }
configure:13724: /usr/bin/ccache /home/saurabhtayde/.buildozer/android/platform/android-ndk-r19c/toolchains/llvm/prebuilt/linux-x86_64/bin/clang -target aarch64-linux-android21 -fomit-frame-pointer -march=armv8-a -c -target aarch64-linux-android21 -fomit-frame-pointer -march=armv8-a -Wall -fexceptions -DANDROID -D__ANDROID_API__=21 -I/home/saurabhtayde/.buildozer/android/platform/android-ndk-r19c/sysroot/usr/include/aarch64-linux-android -I/home/saurabhtayde/Work/Python_ArditSulce/Section27_MobileAppDevelopment/.buildozer/android/platform/build-arm64-v8a/build/python-installs/myapp/include/python3.8 conftest.c >&5
conftest.c:42:8: error: use of undeclared identifier 'bogus'
              bogus endian macros
              ^
1 error generated.
configure:13724: $? = 1
configure: failed program was:
| /* confdefs.h */
| #define PACKAGE_NAME "libffi"
| #define PACKAGE_TARNAME "libffi"
| #define PACKAGE_VERSION "3.3"
| #define PACKAGE_STRING "libffi 3.3"
| #define PACKAGE_BUGREPORT "http://github.com/libffi/libffi/issues"
| #define PACKAGE_URL ""
| #define PACKAGE "libffi"
| #define VERSION "3.3"
| #define STDC_HEADERS 1
| #define HAVE_SYS_TYPES_H 1
| #define HAVE_SYS_STAT_H 1
| #define HAVE_STDLIB_H 1
| #define HAVE_STRING_H 1
| #define HAVE_MEMORY_H 1
| #define HAVE_STRINGS_H 1
| #define HAVE_INTTYPES_H 1
| #define HAVE_STDINT_H 1
| #define HAVE_UNISTD_H 1
| #define HAVE_DLFCN_H 1
| #define LT_OBJDIR ".libs/"
| #define SIZEOF_SIZE_T 8
| #define HAVE_SYS_MMAN_H 1
| #define HAVE_MMAP 1
| #define HAVE_MMAP_FILE 1
| #define HAVE_MMAP_DEV_ZERO 1
| #define HAVE_MMAP_ANON 1
| #define STDC_HEADERS 1
| #define HAVE_MEMCPY 1
| #define HAVE_ALLOCA_H 1
| #define HAVE_ALLOCA 1
| #define SIZEOF_DOUBLE 8
| #define SIZEOF_LONG_DOUBLE 16
| #define HAVE_LONG_DOUBLE 1
| /* end confdefs.h.  */
| #include <limits.h>
| 
| int
| main ()
| {
| #if ! (defined _LITTLE_ENDIAN || defined _BIG_ENDIAN)
| 	      bogus endian macros
| 	     #endif
| 
|   ;
|   return 0;
| }
configure:13780: /usr/bin/ccache /home/saurabhtayde/.buildozer/android/platform/android-ndk-r19c/toolchains/llvm/prebuilt/linux-x86_64/bin/clang -target aarch64-linux-android21 -fomit-frame-pointer -march=armv8-a -c -target aarch64-linux-android21 -fomit-frame-pointer -march=armv8-a -Wall -fexceptions -DANDROID -D__ANDROID_API__=21 -I/home/saurabhtayde/.buildozer/android/platform/android-ndk-r19c/sysroot/usr/include/aarch64-linux-android -I/home/saurabhtayde/Work/Python_ArditSulce/Section27_MobileAppDevelopment/.buildozer/android/platform/build-arm64-v8a/build/python-installs/myapp/include/python3.8 conftest.c >&5
configure:13780: $? = 0
configure:13826: result: no
configure:13845: checking assembler .cfi pseudo-op support
configure:13863: /usr/bin/ccache /home/saurabhtayde/.buildozer/android/platform/android-ndk-r19c/toolchains/llvm/prebuilt/linux-x86_64/bin/clang -target aarch64-linux-android21 -fomit-frame-pointer -march=armv8-a -c -target aarch64-linux-android21 -fomit-frame-pointer -march=armv8-a -Wall -fexceptions -DANDROID -D__ANDROID_API__=21 -I/home/saurabhtayde/.buildozer/android/platform/android-ndk-r19c/sysroot/usr/include/aarch64-linux-android -I/home/saurabhtayde/Work/Python_ArditSulce/Section27_MobileAppDevelopment/.buildozer/android/platform/build-arm64-v8a/build/python-installs/myapp/include/python3.8 conftest.c >&5
<inline asm>:1:14: error: Expected an identifier
.cfi_sections
             ^
1 error generated.
configure:13863: $? = 1
configure: failed program was:
| /* confdefs.h */
| #define PACKAGE_NAME "libffi"
| #define PACKAGE_TARNAME "libffi"
| #define PACKAGE_VERSION "3.3"
| #define PACKAGE_STRING "libffi 3.3"
| #define PACKAGE_BUGREPORT "http://github.com/libffi/libffi/issues"
| #define PACKAGE_URL ""
| #define PACKAGE "libffi"
| #define VERSION "3.3"
| #define STDC_HEADERS 1
| #define HAVE_SYS_TYPES_H 1
| #define HAVE_SYS_STAT_H 1
| #define HAVE_STDLIB_H 1
| #define HAVE_STRING_H 1
| #define HAVE_MEMORY_H 1
| #define HAVE_STRINGS_H 1
| #define HAVE_INTTYPES_H 1
| #define HAVE_STDINT_H 1
| #define HAVE_UNISTD_H 1
| #define HAVE_DLFCN_H 1
| #define LT_OBJDIR ".libs/"
| #define SIZEOF_SIZE_T 8
| #define HAVE_SYS_MMAN_H 1
| #define HAVE_MMAP 1
| #define HAVE_MMAP_FILE 1
| #define HAVE_MMAP_DEV_ZERO 1
| #define HAVE_MMAP_ANON 1
| #define STDC_HEADERS 1
| #define HAVE_MEMCPY 1
| #define HAVE_ALLOCA_H 1
| #define HAVE_ALLOCA 1
| #define SIZEOF_DOUBLE 8
| #define SIZEOF_LONG_DOUBLE 16
| #define HAVE_LONG_DOUBLE 1
| /* end confdefs.h.  */
| asm (".cfi_sections\n\t.cfi_startproc\n\t.cfi_endproc");
| int
| main ()
| {
| 
|   ;
|   return 0;
| }
configure:13871: result: no
configure:14017: checking for _ prefix in compiled symbols
configure:14027: /usr/bin/ccache /home/saurabhtayde/.buildozer/android/platform/android-ndk-r19c/toolchains/llvm/prebuilt/linux-x86_64/bin/clang -target aarch64-linux-android21 -fomit-frame-pointer -march=armv8-a -c -target aarch64-linux-android21 -fomit-frame-pointer -march=armv8-a -Wall -fexceptions -DANDROID -D__ANDROID_API__=21 -I/home/saurabhtayde/.buildozer/android/platform/android-ndk-r19c/sysroot/usr/include/aarch64-linux-android -I/home/saurabhtayde/Work/Python_ArditSulce/Section27_MobileAppDevelopment/.buildozer/android/platform/build-arm64-v8a/build/python-installs/myapp/include/python3.8 conftest.c >&5
conftest.c:2:12: warning: expression result unused [-Wunused-value]
int main(){nm_test_func;return 0;}
           ^~~~~~~~~~~~
1 warning generated.
configure:14030: $? = 0
configure:14034: aarch64-linux-android-nm conftest.o \| sed -n -e 's/^.*[	 ]\([ABCDGIRSTW][ABCDGIRSTW]*\)[	 ][	 ]*\([_A-Za-z][_A-Za-z0-9]*\)$/\1 \2 \2/p' | sed '/ __gnu_lto/d' \> conftest.nm
configure:14037: $? = 0
configure:14059: result: no
configure:14134: checking whether .eh_frame section should be read-only
configure:14156: result: yes
configure:14171: checking for __attribute__((visibility("hidden")))
configure:14180: /usr/bin/ccache /home/saurabhtayde/.buildozer/android/platform/android-ndk-r19c/toolchains/llvm/prebuilt/linux-x86_64/bin/clang -target aarch64-linux-android21 -fomit-frame-pointer -march=armv8-a -Werror -S conftest.c -o conftest.s 1>&5
configure:14183: $? = 0
configure:14192: result: yes
configure:14331: checking for ld used by /usr/bin/ccache /home/saurabhtayde/.buildozer/android/platform/android-ndk-r19c/toolchains/llvm/prebuilt/linux-x86_64/bin/clang -target aarch64-linux-android21 -fomit-frame-pointer -march=armv8-a
configure:14398: result: aarch64-linux-android-ld
configure:14405: checking if the linker (aarch64-linux-android-ld) is GNU ld
configure:14420: result: yes
configure:14594: checking for shared libgcc
configure:14609: /usr/bin/ccache /home/saurabhtayde/.buildozer/android/platform/android-ndk-r19c/toolchains/llvm/prebuilt/linux-x86_64/bin/clang -target aarch64-linux-android21 -fomit-frame-pointer -march=armv8-a -o conftest  -lgcc_s -DANDROID -D__ANDROID_API__=21 -I/home/saurabhtayde/.buildozer/android/platform/android-ndk-r19c/sysroot/usr/include/aarch64-linux-android -I/home/saurabhtayde/Work/Python_ArditSulce/Section27_MobileAppDevelopment/.buildozer/android/platform/build-arm64-v8a/build/python-installs/myapp/include/python3.8   -L/home/saurabhtayde/Work/Python_ArditSulce/Section27_MobileAppDevelopment/.buildozer/android/platform/build-arm64-v8a/build/libs_collections/myapp/arm64-v8a conftest.c  >&5
/home/saurabhtayde/.buildozer/android/platform/android-ndk-r19c/toolchains/llvm/prebuilt/linux-x86_64/bin/../lib/gcc/aarch64-linux-android/4.9.x/../../../../aarch64-linux-android/bin/ld: cannot find -lgcc_s
clang: error: linker command failed with exit code 1 (use -v to see invocation)
configure:14609: $? = 1
configure: failed program was:
| /* confdefs.h */
| #define PACKAGE_NAME "libffi"
| #define PACKAGE_TARNAME "libffi"
| #define PACKAGE_VERSION "3.3"
| #define PACKAGE_STRING "libffi 3.3"
| #define PACKAGE_BUGREPORT "http://github.com/libffi/libffi/issues"
| #define PACKAGE_URL ""
| #define PACKAGE "libffi"
| #define VERSION "3.3"
| #define STDC_HEADERS 1
| #define HAVE_SYS_TYPES_H 1
| #define HAVE_SYS_STAT_H 1
| #define HAVE_STDLIB_H 1
| #define HAVE_STRING_H 1
| #define HAVE_MEMORY_H 1
| #define HAVE_STRINGS_H 1
| #define HAVE_INTTYPES_H 1
| #define HAVE_STDINT_H 1
| #define HAVE_UNISTD_H 1
| #define HAVE_DLFCN_H 1
| #define LT_OBJDIR ".libs/"
| #define SIZEOF_SIZE_T 8
| #define HAVE_SYS_MMAN_H 1
| #define HAVE_MMAP 1
| #define HAVE_MMAP_FILE 1
| #define HAVE_MMAP_DEV_ZERO 1
| #define HAVE_MMAP_ANON 1
| #define STDC_HEADERS 1
| #define HAVE_MEMCPY 1
| #define HAVE_ALLOCA_H 1
| #define HAVE_ALLOCA 1
| #define SIZEOF_DOUBLE 8
| #define SIZEOF_LONG_DOUBLE 16
| #define HAVE_LONG_DOUBLE 1
| #define FFI_MMAP_EXEC_WRIT 1
| #define HAVE_RO_EH_FRAME 1
| #define EH_FRAME_FLAGS "a"
| #define HAVE_HIDDEN_VISIBILITY_ATTRIBUTE 1
| /* end confdefs.h.  */
| 
| int
| main ()
| {
| return 0;
|   ;
|   return 0;
| }
configure:14639: /usr/bin/ccache /home/saurabhtayde/.buildozer/android/platform/android-ndk-r19c/toolchains/llvm/prebuilt/linux-x86_64/bin/clang -target aarch64-linux-android21 -fomit-frame-pointer -march=armv8-a -o conftest  -lgcc_s -DANDROID -D__ANDROID_API__=21 -I/home/saurabhtayde/.buildozer/android/platform/android-ndk-r19c/sysroot/usr/include/aarch64-linux-android -I/home/saurabhtayde/Work/Python_ArditSulce/Section27_MobileAppDevelopment/.buildozer/android/platform/build-arm64-v8a/build/python-installs/myapp/include/python3.8   -L/home/saurabhtayde/Work/Python_ArditSulce/Section27_MobileAppDevelopment/.buildozer/android/platform/build-arm64-v8a/build/libs_collections/myapp/arm64-v8a conftest.c  >&5
/home/saurabhtayde/.buildozer/android/platform/android-ndk-r19c/toolchains/llvm/prebuilt/linux-x86_64/bin/../lib/gcc/aarch64-linux-android/4.9.x/../../../../aarch64-linux-android/bin/ld: cannot find -lgcc_s
clang: error: linker command failed with exit code 1 (use -v to see invocation)
configure:14639: $? = 1
configure: failed program was:
| /* confdefs.h */
| #define PACKAGE_NAME "libffi"
| #define PACKAGE_TARNAME "libffi"
| #define PACKAGE_VERSION "3.3"
| #define PACKAGE_STRING "libffi 3.3"
| #define PACKAGE_BUGREPORT "http://github.com/libffi/libffi/issues"
| #define PACKAGE_URL ""
| #define PACKAGE "libffi"
| #define VERSION "3.3"
| #define STDC_HEADERS 1
| #define HAVE_SYS_TYPES_H 1
| #define HAVE_SYS_STAT_H 1
| #define HAVE_STDLIB_H 1
| #define HAVE_STRING_H 1
| #define HAVE_MEMORY_H 1
| #define HAVE_STRINGS_H 1
| #define HAVE_INTTYPES_H 1
| #define HAVE_STDINT_H 1
| #define HAVE_UNISTD_H 1
| #define HAVE_DLFCN_H 1
| #define LT_OBJDIR ".libs/"
| #define SIZEOF_SIZE_T 8
| #define HAVE_SYS_MMAN_H 1
| #define HAVE_MMAP 1
| #define HAVE_MMAP_FILE 1
| #define HAVE_MMAP_DEV_ZERO 1
| #define HAVE_MMAP_ANON 1
| #define STDC_HEADERS 1
| #define HAVE_MEMCPY 1
| #define HAVE_ALLOCA_H 1
| #define HAVE_ALLOCA 1
| #define SIZEOF_DOUBLE 8
| #define SIZEOF_LONG_DOUBLE 16
| #define HAVE_LONG_DOUBLE 1
| #define FFI_MMAP_EXEC_WRIT 1
| #define HAVE_RO_EH_FRAME 1
| #define EH_FRAME_FLAGS "a"
| #define HAVE_HIDDEN_VISIBILITY_ATTRIBUTE 1
| /* end confdefs.h.  */
| 
| int
| main ()
| {
| return 0;
|   ;
|   return 0;
| }
configure:14647: result: no
configure:14733: versioning on shared library symbols is gnu
configure:14846: checking that generated files are newer than configure
configure:14852: result: done
configure:14920: creating ./config.status

## ---------------------- ##
## Running config.status. ##
## ---------------------- ##

This file was extended by libffi config.status 3.3, which was
generated by GNU Autoconf 2.69.  Invocation command line was

  CONFIG_FILES    = 
  CONFIG_HEADERS  = 
  CONFIG_LINKS    = 
  CONFIG_COMMANDS = 
  $ ./config.status 

on saurabhtayde-Latitude-5400

config.status:1236: creating include/Makefile
config.status:1236: creating include/ffi.h
config.status:1236: creating Makefile
config.status:1236: creating testsuite/Makefile
config.status:1236: creating man/Makefile
config.status:1236: creating doc/Makefile
config.status:1236: creating libffi.pc
config.status:1236: creating fficonfig.h
config.status:1465: executing buildir commands
config.status:1478: skipping top_srcdir/Makefile - not created
config.status:1465: executing depfiles commands
config.status:1686: cd .       && sed -e '/# am--include-marker/d' Makefile         | make -j8 -f - am--depfiles
config.status:1691: $? = 0
config.status:1465: executing libtool commands
config.status:1465: executing include commands
config.status:1465: executing src commands

## ---------------- ##
## Cache variables. ##
## ---------------- ##

ac_cv_build=x86_64-pc-linux-gnu
ac_cv_c_bigendian=no
ac_cv_c_compiler_gnu=yes
ac_cv_cflags_warn_all=-Wall
ac_cv_cxx_compiler_gnu=yes
ac_cv_decl_map_anon=yes
ac_cv_env_CCASFLAGS_set=
ac_cv_env_CCASFLAGS_value=
ac_cv_env_CCAS_set=
ac_cv_env_CCAS_value=
ac_cv_env_CPPFLAGS_set=set
ac_cv_env_CPPFLAGS_value='-DANDROID -D__ANDROID_API__=21 -I/home/saurabhtayde/.buildozer/android/platform/android-ndk-r19c/sysroot/usr/include/aarch64-linux-android -I/home/saurabhtayde/Work/Python_ArditSulce/Section27_MobileAppDevelopment/.buildozer/android/platform/build-arm64-v8a/build/python-installs/myapp/include/python3.8'
ac_cv_env_CPP_set=
ac_cv_env_CPP_value=
ac_cv_env_CXXCPP_set=
ac_cv_env_CXXCPP_value=
ac_cv_env_LT_SYS_LIBRARY_PATH_set=
ac_cv_env_LT_SYS_LIBRARY_PATH_value=
ac_cv_env_build_alias_set=
ac_cv_env_build_alias_value=
ac_cv_env_host_alias_set=set
ac_cv_env_host_alias_value=aarch64-linux-android
ac_cv_env_target_alias_set=
ac_cv_env_target_alias_value=
ac_cv_func_alloca_works=yes
ac_cv_func_memcpy=yes
ac_cv_func_mkostemp=no
ac_cv_func_mmap=yes
ac_cv_func_mmap_anon=yes
ac_cv_func_mmap_dev_zero=yes
ac_cv_func_mmap_file=yes
ac_cv_header_dlfcn_h=yes
ac_cv_header_inttypes_h=yes
ac_cv_header_memory_h=yes
ac_cv_header_stdc=yes
ac_cv_header_stdint_h=yes
ac_cv_header_stdlib_h=yes
ac_cv_header_string_h=yes
ac_cv_header_strings_h=yes
ac_cv_header_sys_mman_h=yes
ac_cv_header_sys_stat_h=yes
ac_cv_header_sys_types_h=yes
ac_cv_header_unistd_h=yes
ac_cv_host=aarch64-unknown-linux-android
ac_cv_objext=o
ac_cv_path_EGREP='/usr/bin/grep -E'
ac_cv_path_FGREP='/usr/bin/grep -F'
ac_cv_path_GREP=/usr/bin/grep
ac_cv_path_SED=/usr/bin/sed
ac_cv_path_ax_enable_builddir_sed=sed
ac_cv_path_install='/usr/bin/install -c'
ac_cv_path_lt_DD=/usr/bin/dd
ac_cv_path_mkdir=/usr/bin/mkdir
ac_cv_prog_AR=aarch64-linux-android-ar
ac_cv_prog_AWK=gawk
ac_cv_prog_CC='/usr/bin/ccache /home/saurabhtayde/.buildozer/android/platform/android-ndk-r19c/toolchains/llvm/prebuilt/linux-x86_64/bin/clang -target aarch64-linux-android21 -fomit-frame-pointer -march=armv8-a'
ac_cv_prog_CPP='/usr/bin/ccache /home/saurabhtayde/.buildozer/android/platform/android-ndk-r19c/toolchains/llvm/prebuilt/linux-x86_64/bin/clang -target aarch64-linux-android21 -fomit-frame-pointer -march=armv8-a -E'
ac_cv_prog_CXXCPP='/usr/bin/ccache /home/saurabhtayde/.buildozer/android/platform/android-ndk-r19c/toolchains/llvm/prebuilt/linux-x86_64/bin/clang++ -target aarch64-linux-android21 -fomit-frame-pointer -march=armv8-a -E'
ac_cv_prog_OBJDUMP=aarch64-linux-android-objdump
ac_cv_prog_RANLIB=aarch64-linux-android-ranlib
ac_cv_prog_STRIP='aarch64-linux-android-strip --strip-unneeded'
ac_cv_prog_ac_ct_MANIFEST_TOOL=mt
ac_cv_prog_cc_c89=
ac_cv_prog_cc_g=yes
ac_cv_prog_cxx_g=yes
ac_cv_prog_make_make_set=yes
ac_cv_sizeof_double=8
ac_cv_sizeof_long_double=16
ac_cv_sizeof_size_t=8
ac_cv_target=aarch64-unknown-linux-android
ac_cv_type_size_t=yes
ac_cv_working_alloca_h=yes
am_cv_CCAS_dependencies_compiler_type=gcc3
am_cv_CC_dependencies_compiler_type=gcc3
am_cv_CXX_dependencies_compiler_type=gcc3
am_cv_make_support_nested_variables=yes
am_cv_prog_cc_c_o=yes
ax_cv_c_compiler_vendor=clang
gcc_cv_as_cfi_pseudo_op=no
libffi_cv_hidden_visibility_attribute=yes
libffi_cv_ro_eh_frame=yes
lt_cv_ar_at_file=@
lt_cv_archive_cmds_need_lc=no
lt_cv_deplibs_check_method=pass_all
lt_cv_file_magic_cmd='$MAGIC_CMD'
lt_cv_file_magic_test_file=
lt_cv_ld_reload_flag=-r
lt_cv_nm_interface='BSD nm'
lt_cv_objdir=.libs
lt_cv_path_LD=aarch64-linux-android-ld
lt_cv_path_LDCXX=aarch64-linux-android-ld
lt_cv_path_NM=aarch64-linux-android-nm
lt_cv_path_mainfest_tool=no
lt_cv_prog_compiler_c_o=yes
lt_cv_prog_compiler_c_o_CXX=yes
lt_cv_prog_compiler_pic='-fPIC -DPIC'
lt_cv_prog_compiler_pic_CXX='-fPIC -DPIC'
lt_cv_prog_compiler_pic_works=yes
lt_cv_prog_compiler_pic_works_CXX=yes
lt_cv_prog_compiler_rtti_exceptions=yes
lt_cv_prog_compiler_static_works=yes
lt_cv_prog_compiler_static_works_CXX=yes
lt_cv_prog_gnu_ld=yes
lt_cv_prog_gnu_ldcxx=yes
lt_cv_sharedlib_from_linklib_cmd='printf %s\n'
lt_cv_sys_global_symbol_pipe='sed -n -e '\''s/^.*[	 ]\([ABCDGIRSTW][ABCDGIRSTW]*\)[	 ][	 ]*\([_A-Za-z][_A-Za-z0-9]*\)$/\1 \2 \2/p'\'' | sed '\''/ __gnu_lto/d'\'''
lt_cv_sys_global_symbol_to_c_name_address='sed -n -e '\''s/^: \(.*\) .*$/  {"\1", (void *) 0},/p'\'' -e '\''s/^[ABCDGIRSTW][ABCDGIRSTW]* .* \(.*\)$/  {"\1", (void *) \&\1},/p'\'''
lt_cv_sys_global_symbol_to_c_name_address_lib_prefix='sed -n -e '\''s/^: \(.*\) .*$/  {"\1", (void *) 0},/p'\'' -e '\''s/^[ABCDGIRSTW][ABCDGIRSTW]* .* \(lib.*\)$/  {"\1", (void *) \&\1},/p'\'' -e '\''s/^[ABCDGIRSTW][ABCDGIRSTW]* .* \(.*\)$/  {"lib\1", (void *) \&\1},/p'\'''
lt_cv_sys_global_symbol_to_cdecl='sed -n -e '\''s/^T .* \(.*\)$/extern int \1();/p'\'' -e '\''s/^[ABCDGIRSTW][ABCDGIRSTW]* .* \(.*\)$/extern char \1;/p'\'''
lt_cv_sys_global_symbol_to_import=
lt_cv_sys_max_cmd_len=1572864
lt_cv_sys_symbol_underscore=no
lt_cv_to_host_file_cmd=func_convert_file_noop
lt_cv_to_tool_file_cmd=func_convert_file_noop
lt_cv_truncate_bin='/usr/bin/dd bs=4096 count=1'

## ----------------- ##
## Output variables. ##
## ----------------- ##

ACLOCAL='${SHELL} /home/saurabhtayde/Work/Python_ArditSulce/Section27_MobileAppDevelopment/.buildozer/android/platform/build-arm64-v8a/build/other_builds/libffi/arm64-v8a__ndk_target_21/libffi/missing aclocal-1.16'
ALLOCA=''
AMDEPBACKSLASH='\'
AMDEP_FALSE='#'
AMDEP_TRUE=''
AMTAR='$${TAR-tar}'
AM_BACKSLASH='\'
AM_DEFAULT_V='$(AM_DEFAULT_VERBOSITY)'
AM_DEFAULT_VERBOSITY='1'
AM_LTLDFLAGS=''
AM_RUNTESTFLAGS=''
AM_V='$(V)'
AR='aarch64-linux-android-ar'
AUTOCONF='${SHELL} /home/saurabhtayde/Work/Python_ArditSulce/Section27_MobileAppDevelopment/.buildozer/android/platform/build-arm64-v8a/build/other_builds/libffi/arm64-v8a__ndk_target_21/libffi/missing autoconf'
AUTOHEADER='${SHELL} /home/saurabhtayde/Work/Python_ArditSulce/Section27_MobileAppDevelopment/.buildozer/android/platform/build-arm64-v8a/build/other_builds/libffi/arm64-v8a__ndk_target_21/libffi/missing autoheader'
AUTOMAKE='${SHELL} /home/saurabhtayde/Work/Python_ArditSulce/Section27_MobileAppDevelopment/.buildozer/android/platform/build-arm64-v8a/build/other_builds/libffi/arm64-v8a__ndk_target_21/libffi/missing automake-1.16'
AWK='gawk'
BUILD_DOCS_FALSE='#'
BUILD_DOCS_TRUE=''
CC='/usr/bin/ccache /home/saurabhtayde/.buildozer/android/platform/android-ndk-r19c/toolchains/llvm/prebuilt/linux-x86_64/bin/clang -target aarch64-linux-android21 -fomit-frame-pointer -march=armv8-a'
CCAS='/usr/bin/ccache /home/saurabhtayde/.buildozer/android/platform/android-ndk-r19c/toolchains/llvm/prebuilt/linux-x86_64/bin/clang -target aarch64-linux-android21 -fomit-frame-pointer -march=armv8-a'
CCASDEPMODE='depmode=gcc3'
CCASFLAGS='-target aarch64-linux-android21 -fomit-frame-pointer -march=armv8-a'
CCDEPMODE='depmode=gcc3'
CFLAGS='-target aarch64-linux-android21 -fomit-frame-pointer -march=armv8-a -Wall -fexceptions'
CPP='/usr/bin/ccache /home/saurabhtayde/.buildozer/android/platform/android-ndk-r19c/toolchains/llvm/prebuilt/linux-x86_64/bin/clang -target aarch64-linux-android21 -fomit-frame-pointer -march=armv8-a -E'
CPPFLAGS='-DANDROID -D__ANDROID_API__=21 -I/home/saurabhtayde/.buildozer/android/platform/android-ndk-r19c/sysroot/usr/include/aarch64-linux-android -I/home/saurabhtayde/Work/Python_ArditSulce/Section27_MobileAppDevelopment/.buildozer/android/platform/build-arm64-v8a/build/python-installs/myapp/include/python3.8'
CXX='/usr/bin/ccache /home/saurabhtayde/.buildozer/android/platform/android-ndk-r19c/toolchains/llvm/prebuilt/linux-x86_64/bin/clang++ -target aarch64-linux-android21 -fomit-frame-pointer -march=armv8-a'
CXXCPP='/usr/bin/ccache /home/saurabhtayde/.buildozer/android/platform/android-ndk-r19c/toolchains/llvm/prebuilt/linux-x86_64/bin/clang++ -target aarch64-linux-android21 -fomit-frame-pointer -march=armv8-a -E'
CXXDEPMODE='depmode=gcc3'
CXXFLAGS='-target aarch64-linux-android21 -fomit-frame-pointer -march=armv8-a'
CYGPATH_W='echo'
DEFS='-DHAVE_CONFIG_H'
DEPDIR='.deps'
DLLTOOL='false'
DSYMUTIL=''
DUMPBIN=''
ECHO_C=''
ECHO_N='-n'
ECHO_T=''
EGREP='/usr/bin/grep -E'
EXEEXT=''
FFI_DEBUG_FALSE=''
FFI_DEBUG_TRUE='#'
FFI_EXEC_TRAMPOLINE_TABLE='0'
FFI_EXEC_TRAMPOLINE_TABLE_FALSE=''
FFI_EXEC_TRAMPOLINE_TABLE_TRUE='#'
FGREP='/usr/bin/grep -F'
GREP='/usr/bin/grep'
HAVE_LONG_DOUBLE='1'
HAVE_LONG_DOUBLE_VARIANT='0'
INSTALL_DATA='${INSTALL} -m 644'
INSTALL_PROGRAM='${INSTALL}'
INSTALL_SCRIPT='${INSTALL}'
INSTALL_STRIP_PROGRAM='$(install_sh) -c -s'
LD='aarch64-linux-android-ld'
LDFLAGS='  -L/home/saurabhtayde/Work/Python_ArditSulce/Section27_MobileAppDevelopment/.buildozer/android/platform/build-arm64-v8a/build/libs_collections/myapp/arm64-v8a'
LIBFFI_BUILD_VERSIONED_SHLIB_FALSE='#'
LIBFFI_BUILD_VERSIONED_SHLIB_GNU_FALSE='#'
LIBFFI_BUILD_VERSIONED_SHLIB_GNU_TRUE=''
LIBFFI_BUILD_VERSIONED_SHLIB_SUN_FALSE=''
LIBFFI_BUILD_VERSIONED_SHLIB_SUN_TRUE='#'
LIBFFI_BUILD_VERSIONED_SHLIB_TRUE=''
LIBOBJS=''
LIBS=''
LIBTOOL='$(SHELL) $(top_builddir)/libtool'
LIPO=''
LN_S='ln -s'
LTLIBOBJS=''
LT_SYS_LIBRARY_PATH=''
MAINT='#'
MAINTAINER_MODE_FALSE=''
MAINTAINER_MODE_TRUE='#'
MAKEINFO='${SHELL} /home/saurabhtayde/Work/Python_ArditSulce/Section27_MobileAppDevelopment/.buildozer/android/platform/build-arm64-v8a/build/other_builds/libffi/arm64-v8a__ndk_target_21/libffi/missing makeinfo'
MANIFEST_TOOL=':'
MKDIR_P='/usr/bin/mkdir -p'
NM='aarch64-linux-android-nm'
NMEDIT=''
OBJDUMP='aarch64-linux-android-objdump'
OBJEXT='o'
OPT_LDFLAGS='-Wl,-O1 '
OTOOL64=''
OTOOL=''
PACKAGE='libffi'
PACKAGE_BUGREPORT='http://github.com/libffi/libffi/issues'
PACKAGE_NAME='libffi'
PACKAGE_STRING='libffi 3.3'
PACKAGE_TARNAME='libffi'
PACKAGE_URL=''
PACKAGE_VERSION='3.3'
PATH_SEPARATOR=':'
PRTDIAG=''
RANLIB='aarch64-linux-android-ranlib'
SECTION_LDFLAGS=''
SED='/usr/bin/sed'
SET_MAKE=''
SHELL='/bin/bash'
STRIP='aarch64-linux-android-strip --strip-unneeded'
TARGET='AARCH64'
TARGETDIR='aarch64'
TARGET_OBJ=' src/aarch64/ffi.lo src/aarch64/sysv.lo'
TESTSUBDIR_FALSE='#'
TESTSUBDIR_TRUE=''
VERSION='3.3'
ac_ct_AR=''
ac_ct_CC=''
ac_ct_CXX=''
ac_ct_DUMPBIN=''
am__EXEEXT_FALSE=''
am__EXEEXT_TRUE='#'
am__fastdepCCAS_FALSE='#'
am__fastdepCCAS_TRUE=''
am__fastdepCC_FALSE='#'
am__fastdepCC_TRUE=''
am__fastdepCXX_FALSE='#'
am__fastdepCXX_TRUE=''
am__include='include'
am__isrc=''
am__leading_dot='.'
am__nodep='_no'
am__quote=''
am__tar='$${TAR-tar} chof - "$$tardir"'
am__untar='$${TAR-tar} xf -'
ax_enable_builddir_sed='sed'
bindir='${exec_prefix}/bin'
build='x86_64-pc-linux-gnu'
build_alias=''
build_cpu='x86_64'
build_os='linux-gnu'
build_vendor='pc'
datadir='${datarootdir}'
datarootdir='${prefix}/share'
docdir='${datarootdir}/doc/${PACKAGE_TARNAME}'
dvidir='${docdir}'
exec_prefix='${prefix}'
host='aarch64-unknown-linux-android'
host_alias='aarch64-linux-android'
host_cpu='aarch64'
host_os='linux-android'
host_vendor='unknown'
htmldir='${docdir}'
includedir='${prefix}/include'
infodir='${datarootdir}/info'
install_sh='${SHELL} /home/saurabhtayde/Work/Python_ArditSulce/Section27_MobileAppDevelopment/.buildozer/android/platform/build-arm64-v8a/build/other_builds/libffi/arm64-v8a__ndk_target_21/libffi/install-sh'
libdir='${exec_prefix}/lib'
libexecdir='${exec_prefix}/libexec'
localedir='${datarootdir}/locale'
localstatedir='${prefix}/var'
mandir='${datarootdir}/man'
mkdir_p='$(MKDIR_P)'
oldincludedir='/usr/include'
pdfdir='${docdir}'
prefix='/home/saurabhtayde/Work/Python_ArditSulce/Section27_MobileAppDevelopment/.buildozer/android/platform/build-arm64-v8a/build/other_builds/libffi/arm64-v8a__ndk_target_21/libffi'
program_transform_name='s,x,x,'
psdir='${docdir}'
runstatedir='${localstatedir}/run'
sbindir='${exec_prefix}/sbin'
sharedstatedir='${prefix}/com'
sys_symbol_underscore='no'
sysconfdir='${prefix}/etc'
target='aarch64-unknown-linux-android'
target_alias='aarch64-linux-android'
target_cpu='aarch64'
target_os='linux-android'
target_vendor='unknown'
toolexecdir='${libdir}/gcc-lib/$(target_alias)'
toolexeclibdir='${libdir}'

## ----------- ##
## confdefs.h. ##
## ----------- ##

/* confdefs.h */
#define PACKAGE_NAME "libffi"
#define PACKAGE_TARNAME "libffi"
#define PACKAGE_VERSION "3.3"
#define PACKAGE_STRING "libffi 3.3"
#define PACKAGE_BUGREPORT "http://github.com/libffi/libffi/issues"
#define PACKAGE_URL ""
#define PACKAGE "libffi"
#define VERSION "3.3"
#define STDC_HEADERS 1
#define HAVE_SYS_TYPES_H 1
#define HAVE_SYS_STAT_H 1
#define HAVE_STDLIB_H 1
#define HAVE_STRING_H 1
#define HAVE_MEMORY_H 1
#define HAVE_STRINGS_H 1
#define HAVE_INTTYPES_H 1
#define HAVE_STDINT_H 1
#define HAVE_UNISTD_H 1
#define HAVE_DLFCN_H 1
#define LT_OBJDIR ".libs/"
#define SIZEOF_SIZE_T 8
#define HAVE_SYS_MMAN_H 1
#define HAVE_MMAP 1
#define HAVE_MMAP_FILE 1
#define HAVE_MMAP_DEV_ZERO 1
#define HAVE_MMAP_ANON 1
#define STDC_HEADERS 1
#define HAVE_MEMCPY 1
#define HAVE_ALLOCA_H 1
#define HAVE_ALLOCA 1
#define SIZEOF_DOUBLE 8
#define SIZEOF_LONG_DOUBLE 16
#define HAVE_LONG_DOUBLE 1
#define FFI_MMAP_EXEC_WRIT 1
#define HAVE_RO_EH_FRAME 1
#define EH_FRAME_FLAGS "a"
#define HAVE_HIDDEN_VISIBILITY_ATTRIBUTE 1
#define LIBFFI_GNU_SYMBOL_VERSIONING 1

configure: exit 0
